Running command: python mmt/evaluate.py -d lmd_full_text -o exp/lmd_full_text -ns 10 -g 0
Using arguments:
{'comment_path': 'md5_to_attribute.pickle',
 'dataset': 'lmd_full_text',
 'filter': 'top_k',
 'filter_threshold': 0.9,
 'gpu': 0,
 'in_dir': PosixPath('data/lmd_full_text/processed/notes'),
 'jobs': 0,
 'model_steps': None,
 'n_samples': 10,
 'names': PosixPath('data/lmd_full_text/processed/test-names.txt'),
 'out_dir': PosixPath('/hpctmp/e0787977/mmt/exp/lmd_full_text'),
 'quiet': False,
 'seq_len': 1024,
 'temperature': 1.0,
 'tokenizer_path': 'tokenizer.model',
 'use_csv': False}
Saved arguments to /hpctmp/e0787977/mmt/exp/lmd_full_text/evaluate-args.json
Loading training arguments from: /hpctmp/e0787977/mmt/exp/lmd_full_text/train-args.json
Using loaded arguments:
{'abs_pos_emb': True,
 'aug': True,
 'batch_size': 8,
 'comment_path': 'md5_to_attribute.pickle',
 'dataset': 'lmd_full_text',
 'dim': 512,
 'dropout': 0.2,
 'early_stopping': True,
 'early_stopping_tolerance': 20,
 'gpu': 0,
 'grad_norm_clip': 1.0,
 'heads': 8,
 'in_dir': 'data/lmd_full_text/processed/notes',
 'jobs': 4,
 'layers': 6,
 'learning_rate': 0.0005,
 'lr_decay_multiplier': 0.1,
 'lr_decay_steps': 100000,
 'lr_warmup_steps': 5000,
 'max_beat': 256,
 'max_seq_len': 1024,
 'out_dir': '/hpctmp/e0787977/mmt/exp/lmd_full_text',
 'quiet': False,
 'rel_pos_emb': False,
 'steps': 200000,
 'tokenizer_path': 'tokenizer.model',
 'train_names': 'data/lmd_full_text/processed/train-names.txt',
 'use_csv': False,
 'valid_names': 'data/lmd_full_text/processed/valid-names.txt',
 'valid_steps': 1000}
Using device: cuda:0
Creating the data loader...
Creating the model...
Loaded the model weights from: /hpctmp/e0787977/mmt/exp/lmd_full_text/checkpoints/best_model.pt
truth
pitch_class_entropy: mean=2.5268, steddev=0.4378
scale_consistency: mean=0.9748, steddev=0.0394
groove_consistency: mean=0.9113, steddev=0.0553
unconditioned
pitch_class_entropy: mean=2.4523, steddev=0.2516
scale_consistency: mean=0.9881, steddev=0.0122
groove_consistency: mean=0.9294, steddev=0.0250
