Running command: python mmt/train.py -d lmd_full_text -o exp/lmd_full_text -g 0
Using arguments:
{'abs_pos_emb': True,
 'aug': True,
 'batch_size': 8,
 'comment_path': 'md5_to_attribute.pickle',
 'dataset': 'lmd_full_text',
 'dim': 512,
 'dropout': 0.2,
 'early_stopping': True,
 'early_stopping_tolerance': 20,
 'gpu': 0,
 'grad_norm_clip': 1.0,
 'heads': 8,
 'in_dir': PosixPath('data/lmd_full_text/processed/notes'),
 'jobs': 4,
 'layers': 6,
 'learning_rate': 0.0005,
 'lr_decay_multiplier': 0.1,
 'lr_decay_steps': 100000,
 'lr_warmup_steps': 5000,
 'max_beat': 256,
 'max_seq_len': 1024,
 'out_dir': PosixPath('/hpctmp/e0787977/mmt/exp/lmd_full_text'),
 'quiet': False,
 'rel_pos_emb': False,
 'steps': 200000,
 'tokenizer_path': 'tokenizer.model',
 'train_names': PosixPath('data/lmd_full_text/processed/train-names.txt'),
 'use_csv': False,
 'valid_names': PosixPath('data/lmd_full_text/processed/valid-names.txt'),
 'valid_steps': 1000}
Saved arguments to /hpctmp/e0787977/mmt/exp/lmd_full_text/train-args.json
Using device: cuda:0
Creating the data loader...
Creating model...
Number of parameters: 52795175
Number of trainable parameters: 36411175
Training...
Validating...
Validation loss: 8.4241
Individual losses: type=0.0019, beat: 0.1143, position: 0.1555, pitch: 0.4758, duration: 0.3100, instrument: 0.2445timesignaturenumerator: 0.0068timesignaturedenominator: 0.0039tempo: 0.0858
Saved the model to: /hpctmp/e0787977/mmt/exp/lmd_full_text/checkpoints/model_1000.pt
Training...
Validating...
Validation loss: 7.2572
Individual losses: type=0.0004, beat: 0.0612, position: 0.1367, pitch: 0.4303, duration: 0.2938, instrument: 0.2003timesignaturenumerator: 0.0030timesignaturedenominator: 0.0015tempo: 0.0821
Saved the model to: /hpctmp/e0787977/mmt/exp/lmd_full_text/checkpoints/model_2000.pt
Training...
Validating...
Validation loss: 6.8334
Individual losses: type=0.0003, beat: 0.0531, position: 0.1274, pitch: 0.4003, duration: 0.2873, instrument: 0.1928timesignaturenumerator: 0.0021timesignaturedenominator: 0.0009tempo: 0.0746
Saved the model to: /hpctmp/e0787977/mmt/exp/lmd_full_text/checkpoints/model_3000.pt
Training...
Validating...
Validation loss: 6.4523
Individual losses: type=0.0003, beat: 0.0490, position: 0.1214, pitch: 0.3771, duration: 0.2793, instrument: 0.1709timesignaturenumerator: 0.0021timesignaturedenominator: 0.0016tempo: 0.0738
Saved the model to: /hpctmp/e0787977/mmt/exp/lmd_full_text/checkpoints/model_4000.pt
Training...
Validating...
Validation loss: 6.1232
Individual losses: type=0.0002, beat: 0.0457, position: 0.1150, pitch: 0.3542, duration: 0.2680, instrument: 0.1625timesignaturenumerator: 0.0018timesignaturedenominator: 0.0009tempo: 0.0723
Saved the model to: /hpctmp/e0787977/mmt/exp/lmd_full_text/checkpoints/model_5000.pt
Training...
Validating...
Validation loss: 5.4053
Individual losses: type=0.0002, beat: 0.0407, position: 0.1013, pitch: 0.3074, duration: 0.2423, instrument: 0.1401timesignaturenumerator: 0.0011timesignaturedenominator: 0.0005tempo: 0.0672
Saved the model to: /hpctmp/e0787977/mmt/exp/lmd_full_text/checkpoints/model_6000.pt
Training...
Validating...
Validation loss: 4.7011
Individual losses: type=0.0002, beat: 0.0349, position: 0.0870, pitch: 0.2630, duration: 0.2202, instrument: 0.1173timesignaturenumerator: 0.0010timesignaturedenominator: 0.0003tempo: 0.0597
Saved the model to: /hpctmp/e0787977/mmt/exp/lmd_full_text/checkpoints/model_7000.pt
Training...
Validating...
Validation loss: 4.3203
Individual losses: type=0.0002, beat: 0.0309, position: 0.0793, pitch: 0.2379, duration: 0.2080, instrument: 0.1055timesignaturenumerator: 0.0010timesignaturedenominator: 0.0004tempo: 0.0568
Saved the model to: /hpctmp/e0787977/mmt/exp/lmd_full_text/checkpoints/model_8000.pt
Training...
Validating...
Validation loss: 4.1500
Individual losses: type=0.0002, beat: 0.0292, position: 0.0756, pitch: 0.2302, duration: 0.2020, instrument: 0.0981timesignaturenumerator: 0.0009timesignaturedenominator: 0.0004tempo: 0.0550
Saved the model to: /hpctmp/e0787977/mmt/exp/lmd_full_text/checkpoints/model_9000.pt
Training...
Validating...
Validation loss: 3.8185
Individual losses: type=0.0002, beat: 0.0253, position: 0.0690, pitch: 0.2092, duration: 0.1920, instrument: 0.0884timesignaturenumerator: 0.0009timesignaturedenominator: 0.0003tempo: 0.0512
Saved the model to: /hpctmp/e0787977/mmt/exp/lmd_full_text/checkpoints/model_10000.pt
Training...
Validating...
Validation loss: 3.6865
Individual losses: type=0.0002, beat: 0.0240, position: 0.0661, pitch: 0.2016, duration: 0.1870, instrument: 0.0834timesignaturenumerator: 0.0008timesignaturedenominator: 0.0013tempo: 0.0500
Saved the model to: /hpctmp/e0787977/mmt/exp/lmd_full_text/checkpoints/model_11000.pt
Training...
Validating...
Validation loss: 3.5688
Individual losses: type=0.0002, beat: 0.0227, position: 0.0638, pitch: 0.1951, duration: 0.1838, instrument: 0.0797timesignaturenumerator: 0.0008timesignaturedenominator: 0.0003tempo: 0.0485
Saved the model to: /hpctmp/e0787977/mmt/exp/lmd_full_text/checkpoints/model_12000.pt
Training...
Validating...
Validation loss: 3.5260
Individual losses: type=0.0002, beat: 0.0224, position: 0.0629, pitch: 0.1928, duration: 0.1822, instrument: 0.0779timesignaturenumerator: 0.0008timesignaturedenominator: 0.0003tempo: 0.0483
Saved the model to: /hpctmp/e0787977/mmt/exp/lmd_full_text/checkpoints/model_13000.pt
Training...
Validating...
Validation loss: 3.4763
Individual losses: type=0.0002, beat: 0.0223, position: 0.0623, pitch: 0.1887, duration: 0.1809, instrument: 0.0762timesignaturenumerator: 0.0008timesignaturedenominator: 0.0003tempo: 0.0478
Saved the model to: /hpctmp/e0787977/mmt/exp/lmd_full_text/checkpoints/model_14000.pt
Training...
Validating...
Validation loss: 3.4239
Individual losses: type=0.0002, beat: 0.0216, position: 0.0608, pitch: 0.1861, duration: 0.1791, instrument: 0.0745timesignaturenumerator: 0.0008timesignaturedenominator: 0.0003tempo: 0.0474
Saved the model to: /hpctmp/e0787977/mmt/exp/lmd_full_text/checkpoints/model_15000.pt
Training...
Validating...
Validation loss: 3.3538
Individual losses: type=0.0002, beat: 0.0210, position: 0.0598, pitch: 0.1815, duration: 0.1764, instrument: 0.0725timesignaturenumerator: 0.0008timesignaturedenominator: 0.0003tempo: 0.0466
Saved the model to: /hpctmp/e0787977/mmt/exp/lmd_full_text/checkpoints/model_16000.pt
Training...
Validating...
Validation loss: 3.2915
Individual losses: type=0.0001, beat: 0.0205, position: 0.0586, pitch: 0.1780, duration: 0.1746, instrument: 0.0702timesignaturenumerator: 0.0007timesignaturedenominator: 0.0002tempo: 0.0457
Saved the model to: /hpctmp/e0787977/mmt/exp/lmd_full_text/checkpoints/model_17000.pt
Training...
Validating...
Validation loss: 3.2834
Individual losses: type=0.0001, beat: 0.0203, position: 0.0584, pitch: 0.1772, duration: 0.1741, instrument: 0.0697timesignaturenumerator: 0.0007timesignaturedenominator: 0.0002tempo: 0.0463
Saved the model to: /hpctmp/e0787977/mmt/exp/lmd_full_text/checkpoints/model_18000.pt
Training...
Validating...
Validation loss: 3.2279
Individual losses: type=0.0001, beat: 0.0198, position: 0.0572, pitch: 0.1746, duration: 0.1724, instrument: 0.0680timesignaturenumerator: 0.0007timesignaturedenominator: 0.0002tempo: 0.0449
Saved the model to: /hpctmp/e0787977/mmt/exp/lmd_full_text/checkpoints/model_19000.pt
Training...
Validating...
Validation loss: 3.2205
Individual losses: type=0.0001, beat: 0.0195, position: 0.0566, pitch: 0.1722, duration: 0.1707, instrument: 0.0670timesignaturenumerator: 0.0013timesignaturedenominator: 0.0046tempo: 0.0447
Saved the model to: /hpctmp/e0787977/mmt/exp/lmd_full_text/checkpoints/model_20000.pt
Training...
Validating...
Validation loss: 3.1621
Individual losses: type=0.0001, beat: 0.0192, position: 0.0563, pitch: 0.1700, duration: 0.1700, instrument: 0.0658timesignaturenumerator: 0.0007timesignaturedenominator: 0.0003tempo: 0.0445
Saved the model to: /hpctmp/e0787977/mmt/exp/lmd_full_text/checkpoints/model_21000.pt
Training...
Validating...
Validation loss: 3.1244
Individual losses: type=0.0001, beat: 0.0189, position: 0.0553, pitch: 0.1678, duration: 0.1685, instrument: 0.0651timesignaturenumerator: 0.0007timesignaturedenominator: 0.0002tempo: 0.0441
Saved the model to: /hpctmp/e0787977/mmt/exp/lmd_full_text/checkpoints/model_22000.pt
Training...
Validating...
Validation loss: 3.1038
Individual losses: type=0.0001, beat: 0.0186, position: 0.0549, pitch: 0.1666, duration: 0.1683, instrument: 0.0639timesignaturenumerator: 0.0007timesignaturedenominator: 0.0002tempo: 0.0438
Saved the model to: /hpctmp/e0787977/mmt/exp/lmd_full_text/checkpoints/model_23000.pt
Training...
Validating...
Validation loss: 3.1004
Individual losses: type=0.0001, beat: 0.0187, position: 0.0549, pitch: 0.1663, duration: 0.1680, instrument: 0.0641timesignaturenumerator: 0.0007timesignaturedenominator: 0.0002tempo: 0.0437
Saved the model to: /hpctmp/e0787977/mmt/exp/lmd_full_text/checkpoints/model_24000.pt
Training...
Validating...
Validation loss: 3.0900
Individual losses: type=0.0001, beat: 0.0185, position: 0.0543, pitch: 0.1659, duration: 0.1676, instrument: 0.0640timesignaturenumerator: 0.0007timesignaturedenominator: 0.0002tempo: 0.0436
Saved the model to: /hpctmp/e0787977/mmt/exp/lmd_full_text/checkpoints/model_25000.pt
Training...
Validating...
Validation loss: 3.0588
Individual losses: type=0.0001, beat: 0.0182, position: 0.0538, pitch: 0.1639, duration: 0.1664, instrument: 0.0631timesignaturenumerator: 0.0007timesignaturedenominator: 0.0002tempo: 0.0433
Saved the model to: /hpctmp/e0787977/mmt/exp/lmd_full_text/checkpoints/model_26000.pt
Training...
Validating...
Validation loss: 3.0323
Individual losses: type=0.0001, beat: 0.0182, position: 0.0537, pitch: 0.1624, duration: 0.1652, instrument: 0.0618timesignaturenumerator: 0.0007timesignaturedenominator: 0.0002tempo: 0.0430
Saved the model to: /hpctmp/e0787977/mmt/exp/lmd_full_text/checkpoints/model_27000.pt
Training...
Validating...
Validation loss: 3.0202
Individual losses: type=0.0001, beat: 0.0179, position: 0.0532, pitch: 0.1618, duration: 0.1648, instrument: 0.0617timesignaturenumerator: 0.0007timesignaturedenominator: 0.0002tempo: 0.0430
Saved the model to: /hpctmp/e0787977/mmt/exp/lmd_full_text/checkpoints/model_28000.pt
Training...
Validating...
Validation loss: 2.9936
Individual losses: type=0.0001, beat: 0.0177, position: 0.0527, pitch: 0.1601, duration: 0.1640, instrument: 0.0608timesignaturenumerator: 0.0007timesignaturedenominator: 0.0002tempo: 0.0426
Saved the model to: /hpctmp/e0787977/mmt/exp/lmd_full_text/checkpoints/model_29000.pt
Training...
Validating...
Validation loss: 2.9827
Individual losses: type=0.0001, beat: 0.0176, position: 0.0524, pitch: 0.1593, duration: 0.1636, instrument: 0.0604timesignaturenumerator: 0.0007timesignaturedenominator: 0.0002tempo: 0.0428
Saved the model to: /hpctmp/e0787977/mmt/exp/lmd_full_text/checkpoints/model_30000.pt
Training...
Validating...
Validation loss: 2.9648
Individual losses: type=0.0001, beat: 0.0174, position: 0.0520, pitch: 0.1584, duration: 0.1629, instrument: 0.0600timesignaturenumerator: 0.0007timesignaturedenominator: 0.0002tempo: 0.0423
Saved the model to: /hpctmp/e0787977/mmt/exp/lmd_full_text/checkpoints/model_31000.pt
Training...
Validating...
Validation loss: 2.9634
Individual losses: type=0.0001, beat: 0.0173, position: 0.0519, pitch: 0.1583, duration: 0.1629, instrument: 0.0601timesignaturenumerator: 0.0007timesignaturedenominator: 0.0003tempo: 0.0423
Saved the model to: /hpctmp/e0787977/mmt/exp/lmd_full_text/checkpoints/model_32000.pt
Training...
Validating...
Validation loss: 2.9445
Individual losses: type=0.0001, beat: 0.0172, position: 0.0516, pitch: 0.1571, duration: 0.1620, instrument: 0.0595timesignaturenumerator: 0.0008timesignaturedenominator: 0.0002tempo: 0.0421
Saved the model to: /hpctmp/e0787977/mmt/exp/lmd_full_text/checkpoints/model_33000.pt
Training...
Validating...
Validation loss: 2.9289
Individual losses: type=0.0001, beat: 0.0171, position: 0.0512, pitch: 0.1560, duration: 0.1617, instrument: 0.0590timesignaturenumerator: 0.0007timesignaturedenominator: 0.0002tempo: 0.0421
Saved the model to: /hpctmp/e0787977/mmt/exp/lmd_full_text/checkpoints/model_34000.pt
Training...
Validating...
Validation loss: 2.9165
Individual losses: type=0.0001, beat: 0.0169, position: 0.0511, pitch: 0.1554, duration: 0.1614, instrument: 0.0585timesignaturenumerator: 0.0007timesignaturedenominator: 0.0002tempo: 0.0418
Saved the model to: /hpctmp/e0787977/mmt/exp/lmd_full_text/checkpoints/model_35000.pt
Training...
Validating...
Validation loss: 2.9155
Individual losses: type=0.0001, beat: 0.0170, position: 0.0511, pitch: 0.1553, duration: 0.1611, instrument: 0.0586timesignaturenumerator: 0.0007timesignaturedenominator: 0.0002tempo: 0.0418
Saved the model to: /hpctmp/e0787977/mmt/exp/lmd_full_text/checkpoints/model_36000.pt
Training...
Validating...
Validation loss: 2.8963
Individual losses: type=0.0001, beat: 0.0169, position: 0.0508, pitch: 0.1540, duration: 0.1603, instrument: 0.0581timesignaturenumerator: 0.0007timesignaturedenominator: 0.0002tempo: 0.0415
Saved the model to: /hpctmp/e0787977/mmt/exp/lmd_full_text/checkpoints/model_37000.pt
Training...
Validating...
Validation loss: 2.8845
Individual losses: type=0.0001, beat: 0.0167, position: 0.0504, pitch: 0.1535, duration: 0.1598, instrument: 0.0580timesignaturenumerator: 0.0007timesignaturedenominator: 0.0002tempo: 0.0413
Saved the model to: /hpctmp/e0787977/mmt/exp/lmd_full_text/checkpoints/model_38000.pt
Training...
Validating...
Validation loss: 2.8867
Individual losses: type=0.0001, beat: 0.0166, position: 0.0502, pitch: 0.1539, duration: 0.1601, instrument: 0.0578timesignaturenumerator: 0.0006timesignaturedenominator: 0.0002tempo: 0.0414
Saved the model to: /hpctmp/e0787977/mmt/exp/lmd_full_text/checkpoints/model_39000.pt
Training...
Validating...
Validation loss: 2.8624
Individual losses: type=0.0001, beat: 0.0165, position: 0.0500, pitch: 0.1520, duration: 0.1591, instrument: 0.0573timesignaturenumerator: 0.0006timesignaturedenominator: 0.0002tempo: 0.0411
Saved the model to: /hpctmp/e0787977/mmt/exp/lmd_full_text/checkpoints/model_40000.pt
Training...
Validating...
Validation loss: 2.8578
Individual losses: type=0.0001, beat: 0.0165, position: 0.0499, pitch: 0.1517, duration: 0.1591, instrument: 0.0570timesignaturenumerator: 0.0006timesignaturedenominator: 0.0002tempo: 0.0411
Saved the model to: /hpctmp/e0787977/mmt/exp/lmd_full_text/checkpoints/model_41000.pt
Training...
Validating...
Validation loss: 2.8474
Individual losses: type=0.0001, beat: 0.0164, position: 0.0496, pitch: 0.1513, duration: 0.1586, instrument: 0.0567timesignaturenumerator: 0.0007timesignaturedenominator: 0.0002tempo: 0.0410
Saved the model to: /hpctmp/e0787977/mmt/exp/lmd_full_text/checkpoints/model_42000.pt
Training...
Validating...
Validation loss: 2.8405
Individual losses: type=0.0001, beat: 0.0163, position: 0.0495, pitch: 0.1509, duration: 0.1584, instrument: 0.0563timesignaturenumerator: 0.0006timesignaturedenominator: 0.0002tempo: 0.0409
Saved the model to: /hpctmp/e0787977/mmt/exp/lmd_full_text/checkpoints/model_43000.pt
Training...
Validating...
Validation loss: 2.8250
Individual losses: type=0.0001, beat: 0.0162, position: 0.0492, pitch: 0.1499, duration: 0.1577, instrument: 0.0561timesignaturenumerator: 0.0007timesignaturedenominator: 0.0002tempo: 0.0407
Saved the model to: /hpctmp/e0787977/mmt/exp/lmd_full_text/checkpoints/model_44000.pt
Training...
Validating...
Validation loss: 2.8260
Individual losses: type=0.0001, beat: 0.0162, position: 0.0493, pitch: 0.1497, duration: 0.1578, instrument: 0.0562timesignaturenumerator: 0.0006timesignaturedenominator: 0.0002tempo: 0.0408
Saved the model to: /hpctmp/e0787977/mmt/exp/lmd_full_text/checkpoints/model_45000.pt
Training...
Validating...
Validation loss: 2.8176
Individual losses: type=0.0001, beat: 0.0161, position: 0.0493, pitch: 0.1493, duration: 0.1572, instrument: 0.0562timesignaturenumerator: 0.0006timesignaturedenominator: 0.0002tempo: 0.0405
Saved the model to: /hpctmp/e0787977/mmt/exp/lmd_full_text/checkpoints/model_46000.pt
Training...
Validating...
Validation loss: 2.8149
Individual losses: type=0.0001, beat: 0.0162, position: 0.0492, pitch: 0.1489, duration: 0.1573, instrument: 0.0558timesignaturenumerator: 0.0006timesignaturedenominator: 0.0002tempo: 0.0408
Saved the model to: /hpctmp/e0787977/mmt/exp/lmd_full_text/checkpoints/model_47000.pt
Training...
Validating...
Validation loss: 2.8079
Individual losses: type=0.0001, beat: 0.0160, position: 0.0490, pitch: 0.1485, duration: 0.1572, instrument: 0.0554timesignaturenumerator: 0.0009timesignaturedenominator: 0.0002tempo: 0.0406
Saved the model to: /hpctmp/e0787977/mmt/exp/lmd_full_text/checkpoints/model_48000.pt
Training...
Validating...
Validation loss: 2.7974
Individual losses: type=0.0001, beat: 0.0160, position: 0.0488, pitch: 0.1478, duration: 0.1568, instrument: 0.0553timesignaturenumerator: 0.0006timesignaturedenominator: 0.0002tempo: 0.0404
Saved the model to: /hpctmp/e0787977/mmt/exp/lmd_full_text/checkpoints/model_49000.pt
Training...
Validating...
Validation loss: 2.7885
Individual losses: type=0.0001, beat: 0.0159, position: 0.0488, pitch: 0.1473, duration: 0.1564, instrument: 0.0551timesignaturenumerator: 0.0006timesignaturedenominator: 0.0002tempo: 0.0402
Saved the model to: /hpctmp/e0787977/mmt/exp/lmd_full_text/checkpoints/model_50000.pt
Training...
Validating...
Validation loss: 2.7891
Individual losses: type=0.0001, beat: 0.0160, position: 0.0486, pitch: 0.1473, duration: 0.1564, instrument: 0.0553timesignaturenumerator: 0.0006timesignaturedenominator: 0.0002tempo: 0.0403
Saved the model to: /hpctmp/e0787977/mmt/exp/lmd_full_text/checkpoints/model_51000.pt
Training...
Validating...
Validation loss: 2.7723
Individual losses: type=0.0001, beat: 0.0158, position: 0.0483, pitch: 0.1463, duration: 0.1559, instrument: 0.0546timesignaturenumerator: 0.0006timesignaturedenominator: 0.0002tempo: 0.0403
Saved the model to: /hpctmp/e0787977/mmt/exp/lmd_full_text/checkpoints/model_52000.pt
Training...
Validating...
Validation loss: 2.7796
Individual losses: type=0.0001, beat: 0.0159, position: 0.0486, pitch: 0.1465, duration: 0.1561, instrument: 0.0549timesignaturenumerator: 0.0006timesignaturedenominator: 0.0002tempo: 0.0403
Saved the model to: /hpctmp/e0787977/mmt/exp/lmd_full_text/checkpoints/model_53000.pt
Training...
Validating...
Validation loss: 2.7618
Individual losses: type=0.0001, beat: 0.0157, position: 0.0481, pitch: 0.1456, duration: 0.1554, instrument: 0.0544timesignaturenumerator: 0.0006timesignaturedenominator: 0.0002tempo: 0.0402
Saved the model to: /hpctmp/e0787977/mmt/exp/lmd_full_text/checkpoints/model_54000.pt
Training...
Validating...
Validation loss: 2.7662
Individual losses: type=0.0001, beat: 0.0158, position: 0.0482, pitch: 0.1459, duration: 0.1556, instrument: 0.0545timesignaturenumerator: 0.0006timesignaturedenominator: 0.0002tempo: 0.0401
Saved the model to: /hpctmp/e0787977/mmt/exp/lmd_full_text/checkpoints/model_55000.pt
Training...
Validating...
Validation loss: 2.7514
Individual losses: type=0.0001, beat: 0.0156, position: 0.0478, pitch: 0.1449, duration: 0.1552, instrument: 0.0540timesignaturenumerator: 0.0006timesignaturedenominator: 0.0002tempo: 0.0401
Saved the model to: /hpctmp/e0787977/mmt/exp/lmd_full_text/checkpoints/model_56000.pt
Training...
Validating...
Validation loss: 2.7482
Individual losses: type=0.0001, beat: 0.0156, position: 0.0478, pitch: 0.1449, duration: 0.1551, instrument: 0.0538timesignaturenumerator: 0.0006timesignaturedenominator: 0.0002tempo: 0.0399
Saved the model to: /hpctmp/e0787977/mmt/exp/lmd_full_text/checkpoints/model_57000.pt
Training...
Validating...
Validation loss: 2.7423
Individual losses: type=0.0001, beat: 0.0156, position: 0.0478, pitch: 0.1444, duration: 0.1546, instrument: 0.0537timesignaturenumerator: 0.0006timesignaturedenominator: 0.0002tempo: 0.0400
Saved the model to: /hpctmp/e0787977/mmt/exp/lmd_full_text/checkpoints/model_58000.pt
Training...
Validating...
Validation loss: 2.7412
Individual losses: type=0.0001, beat: 0.0156, position: 0.0478, pitch: 0.1443, duration: 0.1546, instrument: 0.0539timesignaturenumerator: 0.0006timesignaturedenominator: 0.0002tempo: 0.0398
Saved the model to: /hpctmp/e0787977/mmt/exp/lmd_full_text/checkpoints/model_59000.pt
Training...
Validating...
Validation loss: 2.7373
Individual losses: type=0.0001, beat: 0.0155, position: 0.0476, pitch: 0.1441, duration: 0.1546, instrument: 0.0537timesignaturenumerator: 0.0006timesignaturedenominator: 0.0002tempo: 0.0398
Saved the model to: /hpctmp/e0787977/mmt/exp/lmd_full_text/checkpoints/model_60000.pt
Training...
Validating...
Validation loss: 2.7368
Individual losses: type=0.0001, beat: 0.0155, position: 0.0476, pitch: 0.1441, duration: 0.1545, instrument: 0.0536timesignaturenumerator: 0.0006timesignaturedenominator: 0.0002tempo: 0.0397
Saved the model to: /hpctmp/e0787977/mmt/exp/lmd_full_text/checkpoints/model_61000.pt
Training...
Validating...
Validation loss: 2.7291
Individual losses: type=0.0001, beat: 0.0155, position: 0.0475, pitch: 0.1436, duration: 0.1542, instrument: 0.0533timesignaturenumerator: 0.0006timesignaturedenominator: 0.0002tempo: 0.0397
Saved the model to: /hpctmp/e0787977/mmt/exp/lmd_full_text/checkpoints/model_62000.pt
Training...
Validating...
Validation loss: 2.7279
Individual losses: type=0.0001, beat: 0.0155, position: 0.0475, pitch: 0.1435, duration: 0.1542, instrument: 0.0534timesignaturenumerator: 0.0006timesignaturedenominator: 0.0002tempo: 0.0397
Saved the model to: /hpctmp/e0787977/mmt/exp/lmd_full_text/checkpoints/model_63000.pt
Training...
Validating...
Validation loss: 2.7210
Individual losses: type=0.0001, beat: 0.0153, position: 0.0472, pitch: 0.1433, duration: 0.1539, instrument: 0.0532timesignaturenumerator: 0.0006timesignaturedenominator: 0.0002tempo: 0.0396
Saved the model to: /hpctmp/e0787977/mmt/exp/lmd_full_text/checkpoints/model_64000.pt
Training...
Validating...
Validation loss: 2.7120
Individual losses: type=0.0001, beat: 0.0153, position: 0.0471, pitch: 0.1426, duration: 0.1536, instrument: 0.0530timesignaturenumerator: 0.0006timesignaturedenominator: 0.0002tempo: 0.0395
Saved the model to: /hpctmp/e0787977/mmt/exp/lmd_full_text/checkpoints/model_65000.pt
Training...
Validating...
Validation loss: 2.7121
Individual losses: type=0.0001, beat: 0.0153, position: 0.0470, pitch: 0.1424, duration: 0.1538, instrument: 0.0530timesignaturenumerator: 0.0006timesignaturedenominator: 0.0002tempo: 0.0396
Saved the model to: /hpctmp/e0787977/mmt/exp/lmd_full_text/checkpoints/model_66000.pt
Training...
Validating...
Validation loss: 2.7069
Individual losses: type=0.0001, beat: 0.0153, position: 0.0469, pitch: 0.1423, duration: 0.1534, instrument: 0.0528timesignaturenumerator: 0.0006timesignaturedenominator: 0.0002tempo: 0.0395
Saved the model to: /hpctmp/e0787977/mmt/exp/lmd_full_text/checkpoints/model_67000.pt
Training...
Validating...
Validation loss: 2.6972
Individual losses: type=0.0001, beat: 0.0152, position: 0.0469, pitch: 0.1415, duration: 0.1532, instrument: 0.0524timesignaturenumerator: 0.0006timesignaturedenominator: 0.0002tempo: 0.0393
Saved the model to: /hpctmp/e0787977/mmt/exp/lmd_full_text/checkpoints/model_68000.pt
Training...
Validating...
Validation loss: 2.6996
Individual losses: type=0.0001, beat: 0.0152, position: 0.0469, pitch: 0.1417, duration: 0.1531, instrument: 0.0525timesignaturenumerator: 0.0006timesignaturedenominator: 0.0002tempo: 0.0394
Saved the model to: /hpctmp/e0787977/mmt/exp/lmd_full_text/checkpoints/model_69000.pt
Training...
Validating...
Validation loss: 2.6940
Individual losses: type=0.0001, beat: 0.0151, position: 0.0467, pitch: 0.1414, duration: 0.1530, instrument: 0.0524timesignaturenumerator: 0.0006timesignaturedenominator: 0.0002tempo: 0.0393
Saved the model to: /hpctmp/e0787977/mmt/exp/lmd_full_text/checkpoints/model_70000.pt
Training...
Validating...
Validation loss: 2.6913
Individual losses: type=0.0001, beat: 0.0152, position: 0.0467, pitch: 0.1413, duration: 0.1528, instrument: 0.0524timesignaturenumerator: 0.0006timesignaturedenominator: 0.0002tempo: 0.0392
Saved the model to: /hpctmp/e0787977/mmt/exp/lmd_full_text/checkpoints/model_71000.pt
Training...
Validating...
Validation loss: 2.6857
Individual losses: type=0.0001, beat: 0.0151, position: 0.0466, pitch: 0.1410, duration: 0.1524, instrument: 0.0522timesignaturenumerator: 0.0006timesignaturedenominator: 0.0002tempo: 0.0392
Saved the model to: /hpctmp/e0787977/mmt/exp/lmd_full_text/checkpoints/model_72000.pt
Training...
Validating...
Validation loss: 2.6802
Individual losses: type=0.0002, beat: 0.0150, position: 0.0465, pitch: 0.1405, duration: 0.1524, instrument: 0.0522timesignaturenumerator: 0.0006timesignaturedenominator: 0.0002tempo: 0.0391
Saved the model to: /hpctmp/e0787977/mmt/exp/lmd_full_text/checkpoints/model_73000.pt
Training...
Validating...
Validation loss: 2.6914
Individual losses: type=0.0001, beat: 0.0151, position: 0.0468, pitch: 0.1411, duration: 0.1529, instrument: 0.0524timesignaturenumerator: 0.0006timesignaturedenominator: 0.0002tempo: 0.0393
Saved the model to: /hpctmp/e0787977/mmt/exp/lmd_full_text/checkpoints/model_74000.pt
Training...
Validating...
Validation loss: 2.6835
Individual losses: type=0.0002, beat: 0.0151, position: 0.0467, pitch: 0.1406, duration: 0.1526, instrument: 0.0521timesignaturenumerator: 0.0006timesignaturedenominator: 0.0002tempo: 0.0392
Saved the model to: /hpctmp/e0787977/mmt/exp/lmd_full_text/checkpoints/model_75000.pt
Training...
Validating...
Validation loss: 2.6717
Individual losses: type=0.0001, beat: 0.0150, position: 0.0463, pitch: 0.1401, duration: 0.1520, instrument: 0.0518timesignaturenumerator: 0.0006timesignaturedenominator: 0.0002tempo: 0.0390
Saved the model to: /hpctmp/e0787977/mmt/exp/lmd_full_text/checkpoints/model_76000.pt
Training...
Validating...
Validation loss: 2.6724
Individual losses: type=0.0001, beat: 0.0150, position: 0.0464, pitch: 0.1401, duration: 0.1520, instrument: 0.0519timesignaturenumerator: 0.0006timesignaturedenominator: 0.0002tempo: 0.0390
Saved the model to: /hpctmp/e0787977/mmt/exp/lmd_full_text/checkpoints/model_77000.pt
Training...
Validating...
Validation loss: 2.6685
Individual losses: type=0.0001, beat: 0.0150, position: 0.0463, pitch: 0.1398, duration: 0.1520, instrument: 0.0517timesignaturenumerator: 0.0006timesignaturedenominator: 0.0002tempo: 0.0390
Saved the model to: /hpctmp/e0787977/mmt/exp/lmd_full_text/checkpoints/model_78000.pt
Training...
Validating...
Validation loss: 2.6710
Individual losses: type=0.0001, beat: 0.0150, position: 0.0463, pitch: 0.1398, duration: 0.1521, instrument: 0.0519timesignaturenumerator: 0.0006timesignaturedenominator: 0.0002tempo: 0.0390
Saved the model to: /hpctmp/e0787977/mmt/exp/lmd_full_text/checkpoints/model_79000.pt
Training...
Validating...
Validation loss: 2.6661
Individual losses: type=0.0001, beat: 0.0149, position: 0.0462, pitch: 0.1396, duration: 0.1519, instrument: 0.0517timesignaturenumerator: 0.0006timesignaturedenominator: 0.0002tempo: 0.0391
Saved the model to: /hpctmp/e0787977/mmt/exp/lmd_full_text/checkpoints/model_80000.pt
Training...
Validating...
Validation loss: 2.6604
Individual losses: type=0.0001, beat: 0.0150, position: 0.0462, pitch: 0.1392, duration: 0.1515, instrument: 0.0516timesignaturenumerator: 0.0006timesignaturedenominator: 0.0002tempo: 0.0390
Saved the model to: /hpctmp/e0787977/mmt/exp/lmd_full_text/checkpoints/model_81000.pt
Training...
Validating...
Validation loss: 2.6652
Individual losses: type=0.0002, beat: 0.0150, position: 0.0462, pitch: 0.1395, duration: 0.1519, instrument: 0.0517timesignaturenumerator: 0.0006timesignaturedenominator: 0.0002tempo: 0.0390
Saved the model to: /hpctmp/e0787977/mmt/exp/lmd_full_text/checkpoints/model_82000.pt
Training...
Validating...
Validation loss: 2.6586
Individual losses: type=0.0001, beat: 0.0149, position: 0.0461, pitch: 0.1392, duration: 0.1515, instrument: 0.0514timesignaturenumerator: 0.0006timesignaturedenominator: 0.0002tempo: 0.0389
Saved the model to: /hpctmp/e0787977/mmt/exp/lmd_full_text/checkpoints/model_83000.pt
Training...
Validating...
Validation loss: 2.6489
Individual losses: type=0.0001, beat: 0.0148, position: 0.0458, pitch: 0.1386, duration: 0.1512, instrument: 0.0514timesignaturenumerator: 0.0006timesignaturedenominator: 0.0002tempo: 0.0387
Saved the model to: /hpctmp/e0787977/mmt/exp/lmd_full_text/checkpoints/model_84000.pt
Training...
Validating...
Validation loss: 2.6532
Individual losses: type=0.0002, beat: 0.0149, position: 0.0460, pitch: 0.1387, duration: 0.1513, instrument: 0.0514timesignaturenumerator: 0.0006timesignaturedenominator: 0.0002tempo: 0.0388
Saved the model to: /hpctmp/e0787977/mmt/exp/lmd_full_text/checkpoints/model_85000.pt
Training...
Validating...
Validation loss: 2.6517
Individual losses: type=0.0001, beat: 0.0148, position: 0.0459, pitch: 0.1387, duration: 0.1512, instrument: 0.0514timesignaturenumerator: 0.0006timesignaturedenominator: 0.0002tempo: 0.0388
Saved the model to: /hpctmp/e0787977/mmt/exp/lmd_full_text/checkpoints/model_86000.pt
Training...
Validating...
Validation loss: 2.6423
Individual losses: type=0.0002, beat: 0.0147, position: 0.0458, pitch: 0.1381, duration: 0.1509, instrument: 0.0512timesignaturenumerator: 0.0006timesignaturedenominator: 0.0002tempo: 0.0387
Saved the model to: /hpctmp/e0787977/mmt/exp/lmd_full_text/checkpoints/model_87000.pt
Training...
Validating...
Validation loss: 2.6454
Individual losses: type=0.0002, beat: 0.0148, position: 0.0458, pitch: 0.1382, duration: 0.1511, instrument: 0.0512timesignaturenumerator: 0.0006timesignaturedenominator: 0.0002tempo: 0.0387
Saved the model to: /hpctmp/e0787977/mmt/exp/lmd_full_text/checkpoints/model_88000.pt
Training...
Validating...
Validation loss: 2.6467
Individual losses: type=0.0002, beat: 0.0147, position: 0.0458, pitch: 0.1383, duration: 0.1511, instrument: 0.0513timesignaturenumerator: 0.0006timesignaturedenominator: 0.0002tempo: 0.0388
Saved the model to: /hpctmp/e0787977/mmt/exp/lmd_full_text/checkpoints/model_89000.pt
Training...
Validating...
Validation loss: 2.6377
Individual losses: type=0.0002, beat: 0.0147, position: 0.0457, pitch: 0.1378, duration: 0.1508, instrument: 0.0510timesignaturenumerator: 0.0006timesignaturedenominator: 0.0002tempo: 0.0387
Saved the model to: /hpctmp/e0787977/mmt/exp/lmd_full_text/checkpoints/model_90000.pt
Training...
Validating...
Validation loss: 2.6378
Individual losses: type=0.0002, beat: 0.0147, position: 0.0457, pitch: 0.1377, duration: 0.1507, instrument: 0.0510timesignaturenumerator: 0.0006timesignaturedenominator: 0.0002tempo: 0.0387
Saved the model to: /hpctmp/e0787977/mmt/exp/lmd_full_text/checkpoints/model_91000.pt
Training...
Validating...
Validation loss: 2.6373
Individual losses: type=0.0002, beat: 0.0147, position: 0.0456, pitch: 0.1377, duration: 0.1508, instrument: 0.0510timesignaturenumerator: 0.0006timesignaturedenominator: 0.0002tempo: 0.0388
Saved the model to: /hpctmp/e0787977/mmt/exp/lmd_full_text/checkpoints/model_92000.pt
Training...
Validating...
Validation loss: 2.6404
Individual losses: type=0.0002, beat: 0.0147, position: 0.0457, pitch: 0.1380, duration: 0.1508, instrument: 0.0510timesignaturenumerator: 0.0006timesignaturedenominator: 0.0002tempo: 0.0387
Saved the model to: /hpctmp/e0787977/mmt/exp/lmd_full_text/checkpoints/model_93000.pt
Training...
Validating...
Validation loss: 2.6318
Individual losses: type=0.0002, beat: 0.0146, position: 0.0455, pitch: 0.1375, duration: 0.1506, instrument: 0.0508timesignaturenumerator: 0.0006timesignaturedenominator: 0.0002tempo: 0.0386
Saved the model to: /hpctmp/e0787977/mmt/exp/lmd_full_text/checkpoints/model_94000.pt
Training...
Validating...
Validation loss: 2.6286
Individual losses: type=0.0002, beat: 0.0147, position: 0.0455, pitch: 0.1371, duration: 0.1505, instrument: 0.0508timesignaturenumerator: 0.0006timesignaturedenominator: 0.0002tempo: 0.0386
Saved the model to: /hpctmp/e0787977/mmt/exp/lmd_full_text/checkpoints/model_95000.pt
Training...
Validating...
Validation loss: 2.6289
Individual losses: type=0.0001, beat: 0.0146, position: 0.0455, pitch: 0.1372, duration: 0.1504, instrument: 0.0508timesignaturenumerator: 0.0006timesignaturedenominator: 0.0002tempo: 0.0386
Saved the model to: /hpctmp/e0787977/mmt/exp/lmd_full_text/checkpoints/model_96000.pt
Training...
Validating...
Validation loss: 2.6316
Individual losses: type=0.0002, beat: 0.0146, position: 0.0455, pitch: 0.1373, duration: 0.1506, instrument: 0.0508timesignaturenumerator: 0.0006timesignaturedenominator: 0.0002tempo: 0.0387
Saved the model to: /hpctmp/e0787977/mmt/exp/lmd_full_text/checkpoints/model_97000.pt
Training...
Validating...
Validation loss: 2.6301
Individual losses: type=0.0002, beat: 0.0147, position: 0.0456, pitch: 0.1371, duration: 0.1504, instrument: 0.0508timesignaturenumerator: 0.0006timesignaturedenominator: 0.0002tempo: 0.0386
Saved the model to: /hpctmp/e0787977/mmt/exp/lmd_full_text/checkpoints/model_98000.pt
Training...
Validating...
Validation loss: 2.6227
Individual losses: type=0.0002, beat: 0.0146, position: 0.0454, pitch: 0.1368, duration: 0.1502, instrument: 0.0506timesignaturenumerator: 0.0006timesignaturedenominator: 0.0002tempo: 0.0385
Saved the model to: /hpctmp/e0787977/mmt/exp/lmd_full_text/checkpoints/model_99000.pt
Training...
Validating...
Validation loss: 2.6213
Individual losses: type=0.0002, beat: 0.0146, position: 0.0454, pitch: 0.1367, duration: 0.1502, instrument: 0.0505timesignaturenumerator: 0.0006timesignaturedenominator: 0.0002tempo: 0.0385
Saved the model to: /hpctmp/e0787977/mmt/exp/lmd_full_text/checkpoints/model_100000.pt
Training...
