Running command: python mmt+/train.py -m mamba -d snd -o exp/snd/mamba -g 1
Using arguments:
{'abs_pos_emb': True,
 'aug': True,
 'batch_size': 8,
 'comment_path': 'md5_to_attribute.pickle',
 'dataset': 'snd',
 'dim': 512,
 'dropout': 0.2,
 'early_stopping': True,
 'early_stopping_tolerance': 20,
 'gpu': 1,
 'grad_norm_clip': 1.0,
 'heads': 8,
 'in_dir': PosixPath('data/snd/processed/notes'),
 'jobs': 4,
 'layers': 6,
 'learning_rate': 0.0005,
 'lr_decay_multiplier': 0.1,
 'lr_decay_steps': 100000,
 'lr_warmup_steps': 5000,
 'max_beat': 256,
 'max_seq_len': 1024,
 'model': 'mamba',
 'out_dir': PosixPath('/hpctmp/e0787977/mmt/exp/snd/mamba'),
 'quiet': False,
 'rel_pos_emb': False,
 'steps': 200000,
 'tokenizer_path': 'tokenizer.model',
 'train_names': PosixPath('data/snd/processed/train-names.txt'),
 'update_policy': 'task',
 'use_csv': False,
 'valid_names': PosixPath('data/snd/processed/valid-names.txt'),
 'valid_steps': 1000}
Saved arguments to /hpctmp/e0787977/mmt/exp/snd/mamba/train-args.json
Using device: cuda:1
Creating the data loader...
Creating model...
Number of parameters: 11546938
Number of trainable parameters: 11546938
Training...
Validating...
Validation loss: 10.2058
Individual losses: type=0.0011, beat: 0.1330, position: 0.1354, pitch: 0.5439, duration: 0.2428, instrument: 0.4753timesignaturenumerator: 0.0473timesignaturedenominator: 0.0182tempo: 0.0080velocity: 0.0959
Saved the model to: /hpctmp/e0787977/mmt/exp/snd/mamba/checkpoints/model_1000.pt
Training...
Validating...
Validation loss: 8.8356
Individual losses: type=0.0008, beat: 0.0792, position: 0.1186, pitch: 0.4953, duration: 0.2216, instrument: 0.4479timesignaturenumerator: 0.0141timesignaturedenominator: 0.0074tempo: 0.0029velocity: 0.0848
Saved the model to: /hpctmp/e0787977/mmt/exp/snd/mamba/checkpoints/model_2000.pt
Training...
Validating...
Validation loss: 8.2606
Individual losses: type=0.0009, beat: 0.0673, position: 0.1079, pitch: 0.4775, duration: 0.2101, instrument: 0.4196timesignaturenumerator: 0.0077timesignaturedenominator: 0.0027tempo: 0.0021velocity: 0.0809
Saved the model to: /hpctmp/e0787977/mmt/exp/snd/mamba/checkpoints/model_3000.pt
Training...
Validating...
Validation loss: 7.7012
Individual losses: type=0.0007, beat: 0.0533, position: 0.0981, pitch: 0.4562, duration: 0.1989, instrument: 0.3932timesignaturenumerator: 0.0044timesignaturedenominator: 0.0018tempo: 0.0016velocity: 0.0754
Saved the model to: /hpctmp/e0787977/mmt/exp/snd/mamba/checkpoints/model_4000.pt
Training...
Validating...
Validation loss: 7.5974
Individual losses: type=0.0010, beat: 0.0522, position: 0.0929, pitch: 0.4420, duration: 0.1978, instrument: 0.3836timesignaturenumerator: 0.0046timesignaturedenominator: 0.0019tempo: 0.0019velocity: 0.0883
Saved the model to: /hpctmp/e0787977/mmt/exp/snd/mamba/checkpoints/model_5000.pt
Training...
Validating...
Validation loss: 7.9858
Individual losses: type=0.0008, beat: 0.0653, position: 0.1049, pitch: 0.4577, duration: 0.2067, instrument: 0.3966timesignaturenumerator: 0.0078timesignaturedenominator: 0.0033tempo: 0.0055velocity: 0.0824
Saved the model to: /hpctmp/e0787977/mmt/exp/snd/mamba/checkpoints/model_6000.pt
Training...
Validating...
Validation loss: 7.2279
Individual losses: type=0.0008, beat: 0.0461, position: 0.0849, pitch: 0.4323, duration: 0.1909, instrument: 0.3687timesignaturenumerator: 0.0044timesignaturedenominator: 0.0028tempo: 0.0017velocity: 0.0720
Saved the model to: /hpctmp/e0787977/mmt/exp/snd/mamba/checkpoints/model_7000.pt
Training...
Validating...
Validation loss: 7.4060
Individual losses: type=0.0014, beat: 0.0436, position: 0.0825, pitch: 0.4330, duration: 0.1918, instrument: 0.3656timesignaturenumerator: 0.0071timesignaturedenominator: 0.0026tempo: 0.0025velocity: 0.1042
Saved the model to: /hpctmp/e0787977/mmt/exp/snd/mamba/checkpoints/model_8000.pt
Training...
Validating...
Validation loss: 6.7515
Individual losses: type=0.0008, beat: 0.0405, position: 0.0753, pitch: 0.4076, duration: 0.1786, instrument: 0.3458timesignaturenumerator: 0.0050timesignaturedenominator: 0.0022tempo: 0.0028velocity: 0.0667
Saved the model to: /hpctmp/e0787977/mmt/exp/snd/mamba/checkpoints/model_9000.pt
Training...
Validating...
Validation loss: 6.3273
Individual losses: type=0.0007, beat: 0.0373, position: 0.0671, pitch: 0.3950, duration: 0.1729, instrument: 0.3133timesignaturenumerator: 0.0035timesignaturedenominator: 0.0015tempo: 0.0014velocity: 0.0621
Saved the model to: /hpctmp/e0787977/mmt/exp/snd/mamba/checkpoints/model_10000.pt
Training...
Validating...
Validation loss: 5.7200
Individual losses: type=0.0007, beat: 0.0325, position: 0.0583, pitch: 0.3587, duration: 0.1588, instrument: 0.2755timesignaturenumerator: 0.0040timesignaturedenominator: 0.0016tempo: 0.0016velocity: 0.0617
Saved the model to: /hpctmp/e0787977/mmt/exp/snd/mamba/checkpoints/model_11000.pt
Training...
Validating...
Validation loss: 5.1290
Individual losses: type=0.0006, beat: 0.0288, position: 0.0522, pitch: 0.3273, duration: 0.1466, instrument: 0.2370timesignaturenumerator: 0.0035timesignaturedenominator: 0.0012tempo: 0.0013velocity: 0.0564
Saved the model to: /hpctmp/e0787977/mmt/exp/snd/mamba/checkpoints/model_12000.pt
Training...
Validating...
Validation loss: 5.0031
Individual losses: type=0.0006, beat: 0.0288, position: 0.0502, pitch: 0.3228, duration: 0.1460, instrument: 0.2225timesignaturenumerator: 0.0033timesignaturedenominator: 0.0015tempo: 0.0013velocity: 0.0569
Saved the model to: /hpctmp/e0787977/mmt/exp/snd/mamba/checkpoints/model_13000.pt
Training...
Validating...
Validation loss: 4.7264
Individual losses: type=0.0006, beat: 0.0260, position: 0.0467, pitch: 0.3071, duration: 0.1400, instrument: 0.2080timesignaturenumerator: 0.0031timesignaturedenominator: 0.0012tempo: 0.0013velocity: 0.0537
Saved the model to: /hpctmp/e0787977/mmt/exp/snd/mamba/checkpoints/model_14000.pt
Training...
Validating...
Validation loss: 4.7266
Individual losses: type=0.0005, beat: 0.0251, position: 0.0508, pitch: 0.3004, duration: 0.1357, instrument: 0.2138timesignaturenumerator: 0.0028timesignaturedenominator: 0.0011tempo: 0.0012velocity: 0.0563
Saved the model to: /hpctmp/e0787977/mmt/exp/snd/mamba/checkpoints/model_15000.pt
Training...
Validating...
Validation loss: 4.5431
Individual losses: type=0.0006, beat: 0.0252, position: 0.0593, pitch: 0.2931, duration: 0.1368, instrument: 0.1849timesignaturenumerator: 0.0030timesignaturedenominator: 0.0012tempo: 0.0014velocity: 0.0517
Saved the model to: /hpctmp/e0787977/mmt/exp/snd/mamba/checkpoints/model_16000.pt
Training...
Validating...
Validation loss: 4.2198
Individual losses: type=0.0005, beat: 0.0235, position: 0.0398, pitch: 0.2807, duration: 0.1281, instrument: 0.1762timesignaturenumerator: 0.0029timesignaturedenominator: 0.0011tempo: 0.0013velocity: 0.0492
Saved the model to: /hpctmp/e0787977/mmt/exp/snd/mamba/checkpoints/model_17000.pt
Training...
Validating...
Validation loss: 4.1337
Individual losses: type=0.0005, beat: 0.0227, position: 0.0394, pitch: 0.2743, duration: 0.1269, instrument: 0.1686timesignaturenumerator: 0.0028timesignaturedenominator: 0.0009tempo: 0.0011velocity: 0.0517
Saved the model to: /hpctmp/e0787977/mmt/exp/snd/mamba/checkpoints/model_18000.pt
Training...
Validating...
Validation loss: 4.1028
Individual losses: type=0.0005, beat: 0.0229, position: 0.0384, pitch: 0.2758, duration: 0.1254, instrument: 0.1679timesignaturenumerator: 0.0028timesignaturedenominator: 0.0012tempo: 0.0014velocity: 0.0475
Saved the model to: /hpctmp/e0787977/mmt/exp/snd/mamba/checkpoints/model_19000.pt
Training...
Validating...
Validation loss: 4.0534
Individual losses: type=0.0007, beat: 0.0213, position: 0.0373, pitch: 0.2740, duration: 0.1234, instrument: 0.1650timesignaturenumerator: 0.0032timesignaturedenominator: 0.0012tempo: 0.0015velocity: 0.0479
Saved the model to: /hpctmp/e0787977/mmt/exp/snd/mamba/checkpoints/model_20000.pt
Training...
Validating...
Validation loss: 3.8609
Individual losses: type=0.0005, beat: 0.0205, position: 0.0348, pitch: 0.2591, duration: 0.1219, instrument: 0.1564timesignaturenumerator: 0.0026timesignaturedenominator: 0.0009tempo: 0.0011velocity: 0.0457
Saved the model to: /hpctmp/e0787977/mmt/exp/snd/mamba/checkpoints/model_21000.pt
Training...
Validating...
Validation loss: 3.7707
Individual losses: type=0.0004, beat: 0.0202, position: 0.0339, pitch: 0.2542, duration: 0.1180, instrument: 0.1529timesignaturenumerator: 0.0024timesignaturedenominator: 0.0008tempo: 0.0011velocity: 0.0445
Saved the model to: /hpctmp/e0787977/mmt/exp/snd/mamba/checkpoints/model_22000.pt
Training...
Validating...
Validation loss: 3.7263
Individual losses: type=0.0007, beat: 0.0199, position: 0.0334, pitch: 0.2515, duration: 0.1182, instrument: 0.1485timesignaturenumerator: 0.0024timesignaturedenominator: 0.0009tempo: 0.0012velocity: 0.0442
Saved the model to: /hpctmp/e0787977/mmt/exp/snd/mamba/checkpoints/model_23000.pt
Training...
Validating...
Validation loss: 3.6739
Individual losses: type=0.0005, beat: 0.0209, position: 0.0328, pitch: 0.2475, duration: 0.1159, instrument: 0.1463timesignaturenumerator: 0.0023timesignaturedenominator: 0.0009tempo: 0.0011velocity: 0.0442
Saved the model to: /hpctmp/e0787977/mmt/exp/snd/mamba/checkpoints/model_24000.pt
Training...
Validating...
Validation loss: 3.6554
Individual losses: type=0.0004, beat: 0.0193, position: 0.0323, pitch: 0.2492, duration: 0.1161, instrument: 0.1440timesignaturenumerator: 0.0022timesignaturedenominator: 0.0008tempo: 0.0011velocity: 0.0438
Saved the model to: /hpctmp/e0787977/mmt/exp/snd/mamba/checkpoints/model_25000.pt
Training...
Validating...
Validation loss: 3.5775
Individual losses: type=0.0005, beat: 0.0198, position: 0.0316, pitch: 0.2424, duration: 0.1134, instrument: 0.1415timesignaturenumerator: 0.0022timesignaturedenominator: 0.0009tempo: 0.0011velocity: 0.0428
Saved the model to: /hpctmp/e0787977/mmt/exp/snd/mamba/checkpoints/model_26000.pt
Training...
Validating...
Validation loss: 3.5405
Individual losses: type=0.0005, beat: 0.0182, position: 0.0308, pitch: 0.2384, duration: 0.1125, instrument: 0.1432timesignaturenumerator: 0.0022timesignaturedenominator: 0.0008tempo: 0.0011velocity: 0.0424
Saved the model to: /hpctmp/e0787977/mmt/exp/snd/mamba/checkpoints/model_27000.pt
Training...
Validating...
Validation loss: 3.4986
Individual losses: type=0.0005, beat: 0.0183, position: 0.0305, pitch: 0.2381, duration: 0.1115, instrument: 0.1373timesignaturenumerator: 0.0023timesignaturedenominator: 0.0008tempo: 0.0012velocity: 0.0426
Saved the model to: /hpctmp/e0787977/mmt/exp/snd/mamba/checkpoints/model_28000.pt
Training...
Validating...
Validation loss: 3.4473
Individual losses: type=0.0004, beat: 0.0179, position: 0.0298, pitch: 0.2344, duration: 0.1108, instrument: 0.1343timesignaturenumerator: 0.0023timesignaturedenominator: 0.0008tempo: 0.0011velocity: 0.0429
Saved the model to: /hpctmp/e0787977/mmt/exp/snd/mamba/checkpoints/model_29000.pt
Training...
Validating...
Validation loss: 3.3997
Individual losses: type=0.0006, beat: 0.0176, position: 0.0290, pitch: 0.2323, duration: 0.1087, instrument: 0.1339timesignaturenumerator: 0.0021timesignaturedenominator: 0.0009tempo: 0.0012velocity: 0.0404
Saved the model to: /hpctmp/e0787977/mmt/exp/snd/mamba/checkpoints/model_30000.pt
Training...
Validating...
Validation loss: 3.3914
Individual losses: type=0.0004, beat: 0.0178, position: 0.0291, pitch: 0.2315, duration: 0.1088, instrument: 0.1317timesignaturenumerator: 0.0021timesignaturedenominator: 0.0008tempo: 0.0011velocity: 0.0418
Saved the model to: /hpctmp/e0787977/mmt/exp/snd/mamba/checkpoints/model_31000.pt
Training...
Validating...
Validation loss: 3.3834
Individual losses: type=0.0005, beat: 0.0179, position: 0.0289, pitch: 0.2304, duration: 0.1095, instrument: 0.1319timesignaturenumerator: 0.0023timesignaturedenominator: 0.0009tempo: 0.0012velocity: 0.0405
Saved the model to: /hpctmp/e0787977/mmt/exp/snd/mamba/checkpoints/model_32000.pt
Training...
Validating...
Validation loss: 3.2861
Individual losses: type=0.0005, beat: 0.0173, position: 0.0282, pitch: 0.2256, duration: 0.1064, instrument: 0.1267timesignaturenumerator: 0.0020timesignaturedenominator: 0.0008tempo: 0.0011velocity: 0.0390
Saved the model to: /hpctmp/e0787977/mmt/exp/snd/mamba/checkpoints/model_33000.pt
Training...
Validating...
Validation loss: 3.2872
Individual losses: type=0.0005, beat: 0.0170, position: 0.0279, pitch: 0.2239, duration: 0.1059, instrument: 0.1301timesignaturenumerator: 0.0021timesignaturedenominator: 0.0009tempo: 0.0012velocity: 0.0385
Saved the model to: /hpctmp/e0787977/mmt/exp/snd/mamba/checkpoints/model_34000.pt
Training...
Validating...
Validation loss: 3.2546
Individual losses: type=0.0004, beat: 0.0170, position: 0.0278, pitch: 0.2246, duration: 0.1055, instrument: 0.1253timesignaturenumerator: 0.0020timesignaturedenominator: 0.0008tempo: 0.0011velocity: 0.0379
Saved the model to: /hpctmp/e0787977/mmt/exp/snd/mamba/checkpoints/model_35000.pt
Training...
Validating...
Validation loss: 3.2004
Individual losses: type=0.0003, beat: 0.0166, position: 0.0271, pitch: 0.2202, duration: 0.1043, instrument: 0.1234timesignaturenumerator: 0.0020timesignaturedenominator: 0.0007tempo: 0.0010velocity: 0.0377
Saved the model to: /hpctmp/e0787977/mmt/exp/snd/mamba/checkpoints/model_36000.pt
Training...
Validating...
Validation loss: 3.2052
Individual losses: type=0.0004, beat: 0.0164, position: 0.0269, pitch: 0.2200, duration: 0.1039, instrument: 0.1241timesignaturenumerator: 0.0019timesignaturedenominator: 0.0008tempo: 0.0011velocity: 0.0386
Saved the model to: /hpctmp/e0787977/mmt/exp/snd/mamba/checkpoints/model_37000.pt
Training...
Validating...
Validation loss: 19.3414
Individual losses: type=0.0014, beat: 0.8291, position: 0.2177, pitch: 0.6755, duration: 0.3653, instrument: 0.5309timesignaturenumerator: 0.1868timesignaturedenominator: 0.0878tempo: 0.1633velocity: 0.1657
Saved the model to: /hpctmp/e0787977/mmt/exp/snd/mamba/checkpoints/model_38000.pt
Training...
Validating...
Validation loss: 18.7035
Individual losses: type=0.0011, beat: 0.7861, position: 0.2075, pitch: 0.6586, duration: 0.3567, instrument: 0.5272timesignaturenumerator: 0.1797timesignaturedenominator: 0.0745tempo: 0.1630velocity: 0.1626
Saved the model to: /hpctmp/e0787977/mmt/exp/snd/mamba/checkpoints/model_39000.pt
Training...
Validating...
Validation loss: 17.6852
Individual losses: type=0.0010, beat: 0.7667, position: 0.1786, pitch: 0.6554, duration: 0.3220, instrument: 0.5233timesignaturenumerator: 0.1563timesignaturedenominator: 0.0555tempo: 0.1474velocity: 0.1415
Saved the model to: /hpctmp/e0787977/mmt/exp/snd/mamba/checkpoints/model_40000.pt
Training...
Validating...
Validation loss: 16.1678
Individual losses: type=0.0010, beat: 0.7232, position: 0.1587, pitch: 0.6317, duration: 0.2977, instrument: 0.5038timesignaturenumerator: 0.1162timesignaturedenominator: 0.0387tempo: 0.1005velocity: 0.1232
Saved the model to: /hpctmp/e0787977/mmt/exp/snd/mamba/checkpoints/model_41000.pt
Training...
Validating...
Validation loss: 14.7362
Individual losses: type=0.0008, beat: 0.6661, position: 0.1407, pitch: 0.6315, duration: 0.2758, instrument: 0.5092timesignaturenumerator: 0.0781timesignaturedenominator: 0.0096tempo: 0.0342velocity: 0.1100
Saved the model to: /hpctmp/e0787977/mmt/exp/snd/mamba/checkpoints/model_42000.pt
Training...
Validating...
Validation loss: 13.4493
Individual losses: type=0.0008, beat: 0.6283, position: 0.1237, pitch: 0.5945, duration: 0.2542, instrument: 0.4763timesignaturenumerator: 0.0500timesignaturedenominator: 0.0054tempo: 0.0076velocity: 0.1008
Saved the model to: /hpctmp/e0787977/mmt/exp/snd/mamba/checkpoints/model_43000.pt
Training...
Validating...
Validation loss: 12.2149
Individual losses: type=0.0007, beat: 0.5112, position: 0.1153, pitch: 0.5762, duration: 0.2406, instrument: 0.4657timesignaturenumerator: 0.0363timesignaturedenominator: 0.0033tempo: 0.0021velocity: 0.0842
Saved the model to: /hpctmp/e0787977/mmt/exp/snd/mamba/checkpoints/model_44000.pt
Training...
Validating...
Validation loss: 11.1444
Individual losses: type=0.0008, beat: 0.3995, position: 0.1035, pitch: 0.5460, duration: 0.2256, instrument: 0.4650timesignaturenumerator: 0.0272timesignaturedenominator: 0.0027tempo: 0.0018velocity: 0.0852
Saved the model to: /hpctmp/e0787977/mmt/exp/snd/mamba/checkpoints/model_45000.pt
Training...
Validating...
Validation loss: 10.1505
Individual losses: type=0.0007, beat: 0.3300, position: 0.0920, pitch: 0.5127, duration: 0.2174, instrument: 0.4258timesignaturenumerator: 0.0340timesignaturedenominator: 0.0027tempo: 0.0026velocity: 0.0738
Saved the model to: /hpctmp/e0787977/mmt/exp/snd/mamba/checkpoints/model_46000.pt
Training...
Validating...
Validation loss: 9.4269
Individual losses: type=0.0012, beat: 0.2382, position: 0.0865, pitch: 0.4892, duration: 0.2106, instrument: 0.4124timesignaturenumerator: 0.0198timesignaturedenominator: 0.0053tempo: 0.0025velocity: 0.1055
Saved the model to: /hpctmp/e0787977/mmt/exp/snd/mamba/checkpoints/model_47000.pt
Training...
Validating...
Validation loss: 9.4126
Individual losses: type=0.0007, beat: 0.3252, position: 0.0840, pitch: 0.4505, duration: 0.2005, instrument: 0.3984timesignaturenumerator: 0.0244timesignaturedenominator: 0.0022tempo: 0.0030velocity: 0.0798
Saved the model to: /hpctmp/e0787977/mmt/exp/snd/mamba/checkpoints/model_48000.pt
Training...
Validating...
Validation loss: 8.0095
Individual losses: type=0.0007, beat: 0.1490, position: 0.0772, pitch: 0.4431, duration: 0.1996, instrument: 0.3856timesignaturenumerator: 0.0095timesignaturedenominator: 0.0019tempo: 0.0017velocity: 0.0667
Saved the model to: /hpctmp/e0787977/mmt/exp/snd/mamba/checkpoints/model_49000.pt
Training...
Validating...
Validation loss: 8.2627
Individual losses: type=0.0010, beat: 0.1193, position: 0.0915, pitch: 0.4520, duration: 0.2048, instrument: 0.3943timesignaturenumerator: 0.0303timesignaturedenominator: 0.0037tempo: 0.0028velocity: 0.0774
Saved the model to: /hpctmp/e0787977/mmt/exp/snd/mamba/checkpoints/model_50000.pt
Training...
Validating...
Validation loss: 7.0868
Individual losses: type=0.0007, beat: 0.0795, position: 0.0782, pitch: 0.4025, duration: 0.1904, instrument: 0.3551timesignaturenumerator: 0.0078timesignaturedenominator: 0.0018tempo: 0.0017velocity: 0.0634
Saved the model to: /hpctmp/e0787977/mmt/exp/snd/mamba/checkpoints/model_51000.pt
Training...
Validating...
Validation loss: 6.8756
Individual losses: type=0.0007, beat: 0.0655, position: 0.0675, pitch: 0.4128, duration: 0.1842, instrument: 0.3388timesignaturenumerator: 0.0059timesignaturedenominator: 0.0017tempo: 0.0016velocity: 0.0673
Saved the model to: /hpctmp/e0787977/mmt/exp/snd/mamba/checkpoints/model_52000.pt
Training...
Validating...
Validation loss: 6.9443
Individual losses: type=0.0008, beat: 0.0637, position: 0.0646, pitch: 0.4243, duration: 0.1753, instrument: 0.3458timesignaturenumerator: 0.0121timesignaturedenominator: 0.0035tempo: 0.0018velocity: 0.0655
Saved the model to: /hpctmp/e0787977/mmt/exp/snd/mamba/checkpoints/model_53000.pt
Training...
Validating...
Validation loss: 6.3906
Individual losses: type=0.0008, beat: 0.0494, position: 0.0598, pitch: 0.3814, duration: 0.1679, instrument: 0.3183timesignaturenumerator: 0.0054timesignaturedenominator: 0.0018tempo: 0.0015velocity: 0.0789
Saved the model to: /hpctmp/e0787977/mmt/exp/snd/mamba/checkpoints/model_54000.pt
Training...
Validating...
Validation loss: 6.8272
Individual losses: type=0.0008, beat: 0.0758, position: 0.0663, pitch: 0.3872, duration: 0.1762, instrument: 0.3467timesignaturenumerator: 0.0186timesignaturedenominator: 0.0020tempo: 0.0017velocity: 0.0627
Saved the model to: /hpctmp/e0787977/mmt/exp/snd/mamba/checkpoints/model_55000.pt
Training...
