Running command: python mmt/train.py -d sod -o exp/sod -g 0
Using arguments:
{'abs_pos_emb': True,
 'aug': True,
 'batch_size': 8,
 'dataset': 'sod',
 'dim': 512,
 'dropout': 0.2,
 'early_stopping': True,
 'early_stopping_tolerance': 20,
 'gpu': 0,
 'grad_norm_clip': 1.0,
 'heads': 8,
 'in_dir': PosixPath('data/sod/processed/notes'),
 'jobs': 4,
 'layers': 6,
 'learning_rate': 0.0005,
 'lr_decay_multiplier': 0.1,
 'lr_decay_steps': 100000,
 'lr_warmup_steps': 5000,
 'max_beat': 256,
 'max_seq_len': 1024,
 'out_dir': PosixPath('/hpctmp/e0787977/mmt/exp/sod'),
 'quiet': False,
 'rel_pos_emb': False,
 'steps': 200000,
 'train_names': PosixPath('data/sod/processed/train-names.txt'),
 'use_csv': False,
 'valid_names': PosixPath('data/sod/processed/valid-names.txt'),
 'valid_steps': 1000}
Saved arguments to /hpctmp/e0787977/mmt/exp/sod/train-args.json
Using device: cuda:0
Creating the data loader...
Creating model...
Number of parameters: 36379175
Number of trainable parameters: 19995175
Reloaded SentencePiece model from tokenizer.model
#words: 32000 - BOS ID: 1 - EOS ID: 2
Training...
Validating...
Validation loss: 5.8974
Individual losses: type=0.0028, beat: 0.1564, position: 0.1284, pitch: 0.6119, duration: 0.2754, instrument: 0.2301timesignaturenumerator: 0.0125timesignaturedenominator: 0.0080tempo: 0.0491
Saved the model to: /hpctmp/e0787977/mmt/exp/sod/checkpoints/model_1000.pt
Training...
Validating...
Validation loss: 4.9308
Individual losses: type=0.0009, beat: 0.0819, position: 0.1054, pitch: 0.5481, duration: 0.2553, instrument: 0.1941timesignaturenumerator: 0.0055timesignaturedenominator: 0.0028tempo: 0.0387
Saved the model to: /hpctmp/e0787977/mmt/exp/sod/checkpoints/model_2000.pt
Training...
Validating...
Validation loss: 4.3292
Individual losses: type=0.0007, beat: 0.0601, position: 0.0824, pitch: 0.4953, duration: 0.2322, instrument: 0.1706timesignaturenumerator: 0.0044timesignaturedenominator: 0.0024tempo: 0.0342
Saved the model to: /hpctmp/e0787977/mmt/exp/sod/checkpoints/model_3000.pt
Training...
Validating...
Validation loss: 3.9654
Individual losses: type=0.0006, beat: 0.0518, position: 0.0719, pitch: 0.4553, duration: 0.2181, instrument: 0.1491timesignaturenumerator: 0.0054timesignaturedenominator: 0.0077tempo: 0.0314
Saved the model to: /hpctmp/e0787977/mmt/exp/sod/checkpoints/model_4000.pt
Training...
Validating...
Validation loss: 3.6915
Individual losses: type=0.0005, beat: 0.0472, position: 0.0654, pitch: 0.4257, duration: 0.2083, instrument: 0.1399timesignaturenumerator: 0.0030timesignaturedenominator: 0.0015tempo: 0.0313
Saved the model to: /hpctmp/e0787977/mmt/exp/sod/checkpoints/model_5000.pt
Training...
Validating...
Validation loss: 3.3085
Individual losses: type=0.0005, beat: 0.0392, position: 0.0553, pitch: 0.3875, duration: 0.1905, instrument: 0.1212timesignaturenumerator: 0.0037timesignaturedenominator: 0.0016tempo: 0.0276
Saved the model to: /hpctmp/e0787977/mmt/exp/sod/checkpoints/model_6000.pt
Training...
Validating...
Validation loss: 2.9788
Individual losses: type=0.0005, beat: 0.0337, position: 0.0460, pitch: 0.3504, duration: 0.1788, instrument: 0.1047timesignaturenumerator: 0.0028timesignaturedenominator: 0.0014tempo: 0.0264
Saved the model to: /hpctmp/e0787977/mmt/exp/sod/checkpoints/model_7000.pt
Training...
Validating...
Validation loss: 2.7194
Individual losses: type=0.0004, beat: 0.0303, position: 0.0410, pitch: 0.3191, duration: 0.1671, instrument: 0.0937timesignaturenumerator: 0.0026timesignaturedenominator: 0.0012tempo: 0.0244
Saved the model to: /hpctmp/e0787977/mmt/exp/sod/checkpoints/model_8000.pt
Training...
Validating...
Validation loss: 2.5443
Individual losses: type=0.0004, beat: 0.0276, position: 0.0367, pitch: 0.2981, duration: 0.1585, instrument: 0.0876timesignaturenumerator: 0.0029timesignaturedenominator: 0.0014tempo: 0.0229
Saved the model to: /hpctmp/e0787977/mmt/exp/sod/checkpoints/model_9000.pt
Training...
Validating...
Validation loss: 2.4225
Individual losses: type=0.0004, beat: 0.0252, position: 0.0339, pitch: 0.2843, duration: 0.1527, instrument: 0.0823timesignaturenumerator: 0.0026timesignaturedenominator: 0.0012tempo: 0.0230
Saved the model to: /hpctmp/e0787977/mmt/exp/sod/checkpoints/model_10000.pt
Training...
Validating...
Validation loss: 2.3188
Individual losses: type=0.0004, beat: 0.0238, position: 0.0315, pitch: 0.2732, duration: 0.1476, instrument: 0.0778timesignaturenumerator: 0.0024timesignaturedenominator: 0.0013tempo: 0.0216
Saved the model to: /hpctmp/e0787977/mmt/exp/sod/checkpoints/model_11000.pt
Training...
Validating...
Validation loss: 2.2651
Individual losses: type=0.0004, beat: 0.0230, position: 0.0312, pitch: 0.2665, duration: 0.1446, instrument: 0.0755timesignaturenumerator: 0.0023timesignaturedenominator: 0.0012tempo: 0.0216
Saved the model to: /hpctmp/e0787977/mmt/exp/sod/checkpoints/model_12000.pt
Training...
Validating...
Validation loss: 2.1983
Individual losses: type=0.0004, beat: 0.0222, position: 0.0298, pitch: 0.2594, duration: 0.1425, instrument: 0.0710timesignaturenumerator: 0.0024timesignaturedenominator: 0.0012tempo: 0.0206
Saved the model to: /hpctmp/e0787977/mmt/exp/sod/checkpoints/model_13000.pt
Training...
Validating...
Validation loss: 2.1494
Individual losses: type=0.0004, beat: 0.0212, position: 0.0284, pitch: 0.2537, duration: 0.1400, instrument: 0.0697timesignaturenumerator: 0.0024timesignaturedenominator: 0.0012tempo: 0.0203
Saved the model to: /hpctmp/e0787977/mmt/exp/sod/checkpoints/model_14000.pt
Training...
Validating...
Validation loss: 2.1220
Individual losses: type=0.0004, beat: 0.0209, position: 0.0276, pitch: 0.2502, duration: 0.1389, instrument: 0.0687timesignaturenumerator: 0.0023timesignaturedenominator: 0.0011tempo: 0.0203
Saved the model to: /hpctmp/e0787977/mmt/exp/sod/checkpoints/model_15000.pt
Training...
Validating...
Validation loss: 2.0719
Individual losses: type=0.0004, beat: 0.0198, position: 0.0266, pitch: 0.2446, duration: 0.1364, instrument: 0.0666timesignaturenumerator: 0.0022timesignaturedenominator: 0.0011tempo: 0.0202
Saved the model to: /hpctmp/e0787977/mmt/exp/sod/checkpoints/model_16000.pt
Training...
Validating...
Validation loss: 2.0498
Individual losses: type=0.0004, beat: 0.0196, position: 0.0261, pitch: 0.2421, duration: 0.1354, instrument: 0.0655timesignaturenumerator: 0.0023timesignaturedenominator: 0.0011tempo: 0.0200
Saved the model to: /hpctmp/e0787977/mmt/exp/sod/checkpoints/model_17000.pt
Training...
Validating...
Validation loss: 2.0343
Individual losses: type=0.0004, beat: 0.0194, position: 0.0260, pitch: 0.2400, duration: 0.1344, instrument: 0.0650timesignaturenumerator: 0.0023timesignaturedenominator: 0.0015tempo: 0.0197
Saved the model to: /hpctmp/e0787977/mmt/exp/sod/checkpoints/model_18000.pt
Training...
Validating...
Validation loss: 2.0053
Individual losses: type=0.0004, beat: 0.0190, position: 0.0255, pitch: 0.2368, duration: 0.1330, instrument: 0.0637timesignaturenumerator: 0.0022timesignaturedenominator: 0.0011tempo: 0.0196
Saved the model to: /hpctmp/e0787977/mmt/exp/sod/checkpoints/model_19000.pt
Training...
Validating...
Validation loss: 1.9870
Individual losses: type=0.0004, beat: 0.0187, position: 0.0252, pitch: 0.2346, duration: 0.1327, instrument: 0.0627timesignaturenumerator: 0.0022timesignaturedenominator: 0.0011tempo: 0.0193
Saved the model to: /hpctmp/e0787977/mmt/exp/sod/checkpoints/model_20000.pt
Training...
Validating...
Validation loss: 1.9705
Individual losses: type=0.0004, beat: 0.0185, position: 0.0251, pitch: 0.2328, duration: 0.1313, instrument: 0.0621timesignaturenumerator: 0.0021timesignaturedenominator: 0.0012tempo: 0.0192
Saved the model to: /hpctmp/e0787977/mmt/exp/sod/checkpoints/model_21000.pt
Training...
Validating...
Validation loss: 1.9732
Individual losses: type=0.0004, beat: 0.0186, position: 0.0251, pitch: 0.2323, duration: 0.1314, instrument: 0.0629timesignaturenumerator: 0.0022timesignaturedenominator: 0.0012tempo: 0.0193
Saved the model to: /hpctmp/e0787977/mmt/exp/sod/checkpoints/model_22000.pt
Training...
Validating...
Validation loss: 1.9387
Individual losses: type=0.0004, beat: 0.0181, position: 0.0245, pitch: 0.2284, duration: 0.1297, instrument: 0.0613timesignaturenumerator: 0.0021timesignaturedenominator: 0.0011tempo: 0.0190
Saved the model to: /hpctmp/e0787977/mmt/exp/sod/checkpoints/model_23000.pt
Training...
Validating...
Validation loss: 1.9233
Individual losses: type=0.0004, beat: 0.0179, position: 0.0242, pitch: 0.2268, duration: 0.1292, instrument: 0.0602timesignaturenumerator: 0.0021timesignaturedenominator: 0.0011tempo: 0.0189
Saved the model to: /hpctmp/e0787977/mmt/exp/sod/checkpoints/model_24000.pt
Training...
Validating...
Validation loss: 1.9126
Individual losses: type=0.0004, beat: 0.0178, position: 0.0240, pitch: 0.2253, duration: 0.1284, instrument: 0.0602timesignaturenumerator: 0.0022timesignaturedenominator: 0.0012tempo: 0.0188
Saved the model to: /hpctmp/e0787977/mmt/exp/sod/checkpoints/model_25000.pt
Training...
Validating...
Validation loss: 1.9185
Individual losses: type=0.0004, beat: 0.0180, position: 0.0242, pitch: 0.2243, duration: 0.1285, instrument: 0.0611timesignaturenumerator: 0.0028timesignaturedenominator: 0.0012tempo: 0.0190
Saved the model to: /hpctmp/e0787977/mmt/exp/sod/checkpoints/model_26000.pt
Training...
Validating...
Validation loss: 1.8974
Individual losses: type=0.0004, beat: 0.0176, position: 0.0239, pitch: 0.2234, duration: 0.1277, instrument: 0.0595timesignaturenumerator: 0.0021timesignaturedenominator: 0.0011tempo: 0.0187
Saved the model to: /hpctmp/e0787977/mmt/exp/sod/checkpoints/model_27000.pt
Training...
Validating...
Validation loss: 1.8869
Individual losses: type=0.0004, beat: 0.0174, position: 0.0236, pitch: 0.2218, duration: 0.1270, instrument: 0.0593timesignaturenumerator: 0.0021timesignaturedenominator: 0.0012tempo: 0.0188
Saved the model to: /hpctmp/e0787977/mmt/exp/sod/checkpoints/model_28000.pt
Training...
Validating...
Validation loss: 1.8671
Individual losses: type=0.0004, beat: 0.0173, position: 0.0232, pitch: 0.2192, duration: 0.1261, instrument: 0.0584timesignaturenumerator: 0.0022timesignaturedenominator: 0.0013tempo: 0.0187
Saved the model to: /hpctmp/e0787977/mmt/exp/sod/checkpoints/model_29000.pt
Training...
Validating...
Validation loss: 1.8639
Individual losses: type=0.0004, beat: 0.0174, position: 0.0235, pitch: 0.2184, duration: 0.1260, instrument: 0.0582timesignaturenumerator: 0.0023timesignaturedenominator: 0.0013tempo: 0.0185
Saved the model to: /hpctmp/e0787977/mmt/exp/sod/checkpoints/model_30000.pt
Training...
Validating...
Validation loss: 1.8608
Individual losses: type=0.0004, beat: 0.0173, position: 0.0234, pitch: 0.2186, duration: 0.1258, instrument: 0.0579timesignaturenumerator: 0.0021timesignaturedenominator: 0.0012tempo: 0.0185
Saved the model to: /hpctmp/e0787977/mmt/exp/sod/checkpoints/model_31000.pt
Training...
Validating...
Validation loss: 1.8476
Individual losses: type=0.0004, beat: 0.0170, position: 0.0230, pitch: 0.2165, duration: 0.1252, instrument: 0.0584timesignaturenumerator: 0.0021timesignaturedenominator: 0.0011tempo: 0.0182
Saved the model to: /hpctmp/e0787977/mmt/exp/sod/checkpoints/model_32000.pt
Training...
Validating...
Validation loss: 1.8383
Individual losses: type=0.0004, beat: 0.0168, position: 0.0229, pitch: 0.2154, duration: 0.1249, instrument: 0.0577timesignaturenumerator: 0.0021timesignaturedenominator: 0.0012tempo: 0.0183
Saved the model to: /hpctmp/e0787977/mmt/exp/sod/checkpoints/model_33000.pt
Training...
Validating...
Validation loss: 1.8316
Individual losses: type=0.0005, beat: 0.0168, position: 0.0229, pitch: 0.2148, duration: 0.1245, instrument: 0.0568timesignaturenumerator: 0.0022timesignaturedenominator: 0.0013tempo: 0.0182
Saved the model to: /hpctmp/e0787977/mmt/exp/sod/checkpoints/model_34000.pt
Training...
Validating...
Validation loss: 1.8297
Individual losses: type=0.0005, beat: 0.0168, position: 0.0229, pitch: 0.2137, duration: 0.1246, instrument: 0.0572timesignaturenumerator: 0.0022timesignaturedenominator: 0.0013tempo: 0.0183
Saved the model to: /hpctmp/e0787977/mmt/exp/sod/checkpoints/model_35000.pt
Training...
Validating...
Validation loss: 1.8241
Individual losses: type=0.0004, beat: 0.0169, position: 0.0230, pitch: 0.2132, duration: 0.1240, instrument: 0.0569timesignaturenumerator: 0.0022timesignaturedenominator: 0.0012tempo: 0.0181
Saved the model to: /hpctmp/e0787977/mmt/exp/sod/checkpoints/model_36000.pt
Training...
Validating...
Validation loss: 1.8267
Individual losses: type=0.0005, beat: 0.0168, position: 0.0231, pitch: 0.2127, duration: 0.1242, instrument: 0.0575timesignaturenumerator: 0.0023timesignaturedenominator: 0.0013tempo: 0.0184
Saved the model to: /hpctmp/e0787977/mmt/exp/sod/checkpoints/model_37000.pt
Training...
Validating...
Validation loss: 1.8190
Individual losses: type=0.0004, beat: 0.0168, position: 0.0230, pitch: 0.2124, duration: 0.1235, instrument: 0.0570timesignaturenumerator: 0.0022timesignaturedenominator: 0.0013tempo: 0.0182
Saved the model to: /hpctmp/e0787977/mmt/exp/sod/checkpoints/model_38000.pt
Training...
Validating...
Validation loss: 1.8059
Individual losses: type=0.0004, beat: 0.0165, position: 0.0226, pitch: 0.2106, duration: 0.1232, instrument: 0.0566timesignaturenumerator: 0.0022timesignaturedenominator: 0.0012tempo: 0.0183
Saved the model to: /hpctmp/e0787977/mmt/exp/sod/checkpoints/model_39000.pt
Training...
Validating...
Validation loss: 1.8053
Individual losses: type=0.0005, beat: 0.0166, position: 0.0226, pitch: 0.2104, duration: 0.1234, instrument: 0.0564timesignaturenumerator: 0.0022timesignaturedenominator: 0.0012tempo: 0.0181
Saved the model to: /hpctmp/e0787977/mmt/exp/sod/checkpoints/model_40000.pt
Training...
Validating...
Validation loss: 1.7956
Individual losses: type=0.0005, beat: 0.0167, position: 0.0224, pitch: 0.2089, duration: 0.1228, instrument: 0.0561timesignaturenumerator: 0.0022timesignaturedenominator: 0.0012tempo: 0.0182
Saved the model to: /hpctmp/e0787977/mmt/exp/sod/checkpoints/model_41000.pt
Training...
Validating...
Validation loss: 1.8100
Individual losses: type=0.0005, beat: 0.0168, position: 0.0229, pitch: 0.2100, duration: 0.1235, instrument: 0.0571timesignaturenumerator: 0.0023timesignaturedenominator: 0.0013tempo: 0.0182
Saved the model to: /hpctmp/e0787977/mmt/exp/sod/checkpoints/model_42000.pt
Training...
Validating...
Validation loss: 1.7949
Individual losses: type=0.0005, beat: 0.0164, position: 0.0225, pitch: 0.2086, duration: 0.1226, instrument: 0.0566timesignaturenumerator: 0.0023timesignaturedenominator: 0.0012tempo: 0.0181
Saved the model to: /hpctmp/e0787977/mmt/exp/sod/checkpoints/model_43000.pt
Training...
Validating...
Validation loss: 1.7941
Individual losses: type=0.0005, beat: 0.0166, position: 0.0226, pitch: 0.2085, duration: 0.1226, instrument: 0.0562timesignaturenumerator: 0.0022timesignaturedenominator: 0.0013tempo: 0.0181
Saved the model to: /hpctmp/e0787977/mmt/exp/sod/checkpoints/model_44000.pt
Training...
Validating...
Validation loss: 1.7973
Individual losses: type=0.0005, beat: 0.0169, position: 0.0229, pitch: 0.2079, duration: 0.1227, instrument: 0.0565timesignaturenumerator: 0.0023timesignaturedenominator: 0.0014tempo: 0.0183
Saved the model to: /hpctmp/e0787977/mmt/exp/sod/checkpoints/model_45000.pt
Training...
Validating...
Validation loss: 1.8012
Individual losses: type=0.0005, beat: 0.0170, position: 0.0231, pitch: 0.2084, duration: 0.1230, instrument: 0.0563timesignaturenumerator: 0.0023timesignaturedenominator: 0.0014tempo: 0.0184
Saved the model to: /hpctmp/e0787977/mmt/exp/sod/checkpoints/model_46000.pt
Training...
Validating...
Validation loss: 1.7945
Individual losses: type=0.0005, beat: 0.0164, position: 0.0226, pitch: 0.2075, duration: 0.1229, instrument: 0.0563timesignaturenumerator: 0.0031timesignaturedenominator: 0.0013tempo: 0.0180
Saved the model to: /hpctmp/e0787977/mmt/exp/sod/checkpoints/model_47000.pt
Training...
Validating...
Validation loss: 1.7887
Individual losses: type=0.0005, beat: 0.0166, position: 0.0226, pitch: 0.2073, duration: 0.1224, instrument: 0.0561timesignaturenumerator: 0.0023timesignaturedenominator: 0.0013tempo: 0.0181
Saved the model to: /hpctmp/e0787977/mmt/exp/sod/checkpoints/model_48000.pt
Training...
Validating...
Validation loss: 1.7871
Individual losses: type=0.0005, beat: 0.0167, position: 0.0228, pitch: 0.2068, duration: 0.1222, instrument: 0.0560timesignaturenumerator: 0.0022timesignaturedenominator: 0.0013tempo: 0.0183
Saved the model to: /hpctmp/e0787977/mmt/exp/sod/checkpoints/model_49000.pt
Training...
Validating...
Validation loss: 1.7754
Individual losses: type=0.0005, beat: 0.0164, position: 0.0224, pitch: 0.2057, duration: 0.1220, instrument: 0.0554timesignaturenumerator: 0.0023timesignaturedenominator: 0.0013tempo: 0.0179
Saved the model to: /hpctmp/e0787977/mmt/exp/sod/checkpoints/model_50000.pt
Training...
Validating...
Validation loss: 1.7811
Individual losses: type=0.0005, beat: 0.0166, position: 0.0228, pitch: 0.2057, duration: 0.1219, instrument: 0.0562timesignaturenumerator: 0.0023timesignaturedenominator: 0.0013tempo: 0.0181
Saved the model to: /hpctmp/e0787977/mmt/exp/sod/checkpoints/model_51000.pt
Training...
Validating...
Validation loss: 1.7820
Individual losses: type=0.0005, beat: 0.0167, position: 0.0228, pitch: 0.2056, duration: 0.1222, instrument: 0.0559timesignaturenumerator: 0.0023timesignaturedenominator: 0.0014tempo: 0.0181
Saved the model to: /hpctmp/e0787977/mmt/exp/sod/checkpoints/model_52000.pt
Training...
Validating...
Validation loss: 1.7775
Individual losses: type=0.0005, beat: 0.0164, position: 0.0224, pitch: 0.2053, duration: 0.1224, instrument: 0.0556timesignaturenumerator: 0.0023timesignaturedenominator: 0.0013tempo: 0.0181
Saved the model to: /hpctmp/e0787977/mmt/exp/sod/checkpoints/model_53000.pt
Training...
Validating...
Validation loss: 1.7688
Individual losses: type=0.0005, beat: 0.0164, position: 0.0222, pitch: 0.2045, duration: 0.1215, instrument: 0.0555timesignaturenumerator: 0.0023timesignaturedenominator: 0.0013tempo: 0.0180
Saved the model to: /hpctmp/e0787977/mmt/exp/sod/checkpoints/model_54000.pt
Training...
Validating...
Validation loss: 1.7859
Individual losses: type=0.0005, beat: 0.0168, position: 0.0229, pitch: 0.2054, duration: 0.1224, instrument: 0.0566timesignaturenumerator: 0.0023timesignaturedenominator: 0.0013tempo: 0.0183
Saved the model to: /hpctmp/e0787977/mmt/exp/sod/checkpoints/model_55000.pt
Training...
Validating...
Validation loss: 1.7689
Individual losses: type=0.0005, beat: 0.0163, position: 0.0223, pitch: 0.2042, duration: 0.1216, instrument: 0.0554timesignaturenumerator: 0.0024timesignaturedenominator: 0.0013tempo: 0.0183
Saved the model to: /hpctmp/e0787977/mmt/exp/sod/checkpoints/model_56000.pt
Training...
Validating...
Validation loss: 1.7935
Individual losses: type=0.0005, beat: 0.0169, position: 0.0230, pitch: 0.2055, duration: 0.1226, instrument: 0.0565timesignaturenumerator: 0.0030timesignaturedenominator: 0.0014tempo: 0.0189
Saved the model to: /hpctmp/e0787977/mmt/exp/sod/checkpoints/model_57000.pt
Training...
Validating...
Validation loss: 1.7718
Individual losses: type=0.0005, beat: 0.0166, position: 0.0226, pitch: 0.2042, duration: 0.1216, instrument: 0.0559timesignaturenumerator: 0.0022timesignaturedenominator: 0.0013tempo: 0.0181
Saved the model to: /hpctmp/e0787977/mmt/exp/sod/checkpoints/model_58000.pt
Training...
Validating...
Validation loss: 1.7916
Individual losses: type=0.0005, beat: 0.0168, position: 0.0232, pitch: 0.2058, duration: 0.1230, instrument: 0.0565timesignaturenumerator: 0.0023timesignaturedenominator: 0.0013tempo: 0.0184
Saved the model to: /hpctmp/e0787977/mmt/exp/sod/checkpoints/model_59000.pt
Training...
Validating...
Validation loss: 1.7870
Individual losses: type=0.0005, beat: 0.0171, position: 0.0233, pitch: 0.2048, duration: 0.1228, instrument: 0.0563timesignaturenumerator: 0.0023timesignaturedenominator: 0.0014tempo: 0.0183
Saved the model to: /hpctmp/e0787977/mmt/exp/sod/checkpoints/model_60000.pt
Training...
Validating...
Validation loss: 1.7771
Individual losses: type=0.0005, beat: 0.0165, position: 0.0228, pitch: 0.2039, duration: 0.1220, instrument: 0.0563timesignaturenumerator: 0.0023timesignaturedenominator: 0.0013tempo: 0.0184
Saved the model to: /hpctmp/e0787977/mmt/exp/sod/checkpoints/model_61000.pt
Training...
Validating...
Validation loss: 1.7812
Individual losses: type=0.0006, beat: 0.0169, position: 0.0233, pitch: 0.2036, duration: 0.1222, instrument: 0.0565timesignaturenumerator: 0.0024timesignaturedenominator: 0.0015tempo: 0.0184
Saved the model to: /hpctmp/e0787977/mmt/exp/sod/checkpoints/model_62000.pt
Training...
Validating...
Validation loss: 1.7636
Individual losses: type=0.0006, beat: 0.0166, position: 0.0227, pitch: 0.2021, duration: 0.1215, instrument: 0.0555timesignaturenumerator: 0.0024timesignaturedenominator: 0.0013tempo: 0.0182
Saved the model to: /hpctmp/e0787977/mmt/exp/sod/checkpoints/model_63000.pt
Training...
Validating...
Validation loss: 1.7701
Individual losses: type=0.0006, beat: 0.0167, position: 0.0228, pitch: 0.2029, duration: 0.1217, instrument: 0.0558timesignaturenumerator: 0.0024timesignaturedenominator: 0.0015tempo: 0.0182
Saved the model to: /hpctmp/e0787977/mmt/exp/sod/checkpoints/model_64000.pt
Training...
Validating...
Validation loss: 1.7701
Individual losses: type=0.0005, beat: 0.0166, position: 0.0230, pitch: 0.2024, duration: 0.1219, instrument: 0.0560timesignaturenumerator: 0.0024timesignaturedenominator: 0.0015tempo: 0.0183
Saved the model to: /hpctmp/e0787977/mmt/exp/sod/checkpoints/model_65000.pt
Training...
Validating...
Validation loss: 1.7755
Individual losses: type=0.0006, beat: 0.0169, position: 0.0233, pitch: 0.2030, duration: 0.1220, instrument: 0.0559timesignaturenumerator: 0.0025timesignaturedenominator: 0.0014tempo: 0.0183
Saved the model to: /hpctmp/e0787977/mmt/exp/sod/checkpoints/model_66000.pt
Training...
Validating...
Validation loss: 1.7751
Individual losses: type=0.0005, beat: 0.0169, position: 0.0233, pitch: 0.2027, duration: 0.1221, instrument: 0.0560timesignaturenumerator: 0.0024timesignaturedenominator: 0.0014tempo: 0.0185
Saved the model to: /hpctmp/e0787977/mmt/exp/sod/checkpoints/model_67000.pt
Training...
Validating...
Validation loss: 1.7670
Individual losses: type=0.0006, beat: 0.0166, position: 0.0228, pitch: 0.2021, duration: 0.1219, instrument: 0.0558timesignaturenumerator: 0.0024timesignaturedenominator: 0.0013tempo: 0.0183
Saved the model to: /hpctmp/e0787977/mmt/exp/sod/checkpoints/model_68000.pt
Training...
Validating...
Validation loss: 1.7604
Individual losses: type=0.0006, beat: 0.0165, position: 0.0228, pitch: 0.2016, duration: 0.1213, instrument: 0.0555timesignaturenumerator: 0.0024timesignaturedenominator: 0.0014tempo: 0.0181
Saved the model to: /hpctmp/e0787977/mmt/exp/sod/checkpoints/model_69000.pt
Training...
Validating...
Validation loss: 1.7523
Individual losses: type=0.0006, beat: 0.0164, position: 0.0224, pitch: 0.2007, duration: 0.1210, instrument: 0.0551timesignaturenumerator: 0.0024timesignaturedenominator: 0.0014tempo: 0.0181
Saved the model to: /hpctmp/e0787977/mmt/exp/sod/checkpoints/model_70000.pt
Training...
Validating...
Validation loss: 1.7701
Individual losses: type=0.0005, beat: 0.0169, position: 0.0231, pitch: 0.2020, duration: 0.1220, instrument: 0.0559timesignaturenumerator: 0.0024timesignaturedenominator: 0.0014tempo: 0.0183
Saved the model to: /hpctmp/e0787977/mmt/exp/sod/checkpoints/model_71000.pt
Training...
Validating...
Validation loss: 1.7782
Individual losses: type=0.0006, beat: 0.0171, position: 0.0235, pitch: 0.2026, duration: 0.1222, instrument: 0.0564timesignaturenumerator: 0.0025timesignaturedenominator: 0.0015tempo: 0.0183
Saved the model to: /hpctmp/e0787977/mmt/exp/sod/checkpoints/model_72000.pt
Training...
Validating...
Validation loss: 1.7774
Individual losses: type=0.0006, beat: 0.0169, position: 0.0234, pitch: 0.2023, duration: 0.1225, instrument: 0.0564timesignaturenumerator: 0.0024timesignaturedenominator: 0.0014tempo: 0.0184
Saved the model to: /hpctmp/e0787977/mmt/exp/sod/checkpoints/model_73000.pt
Training...
Validating...
Validation loss: 1.7723
Individual losses: type=0.0005, beat: 0.0169, position: 0.0231, pitch: 0.2020, duration: 0.1222, instrument: 0.0561timesignaturenumerator: 0.0024timesignaturedenominator: 0.0014tempo: 0.0183
Saved the model to: /hpctmp/e0787977/mmt/exp/sod/checkpoints/model_74000.pt
Training...
Validating...
Validation loss: 1.7762
Individual losses: type=0.0006, beat: 0.0170, position: 0.0236, pitch: 0.2022, duration: 0.1222, instrument: 0.0563timesignaturenumerator: 0.0024timesignaturedenominator: 0.0014tempo: 0.0183
Saved the model to: /hpctmp/e0787977/mmt/exp/sod/checkpoints/model_75000.pt
Training...
Validating...
Validation loss: 1.7949
Individual losses: type=0.0006, beat: 0.0175, position: 0.0240, pitch: 0.2036, duration: 0.1230, instrument: 0.0573timesignaturenumerator: 0.0024timesignaturedenominator: 0.0015tempo: 0.0188
Saved the model to: /hpctmp/e0787977/mmt/exp/sod/checkpoints/model_76000.pt
Training...
Validating...
Validation loss: 1.7739
Individual losses: type=0.0006, beat: 0.0169, position: 0.0232, pitch: 0.2019, duration: 0.1223, instrument: 0.0563timesignaturenumerator: 0.0024timesignaturedenominator: 0.0015tempo: 0.0183
Saved the model to: /hpctmp/e0787977/mmt/exp/sod/checkpoints/model_77000.pt
Training...
Validating...
Validation loss: 1.7863
Individual losses: type=0.0005, beat: 0.0173, position: 0.0238, pitch: 0.2027, duration: 0.1231, instrument: 0.0568timesignaturenumerator: 0.0024timesignaturedenominator: 0.0014tempo: 0.0185
Saved the model to: /hpctmp/e0787977/mmt/exp/sod/checkpoints/model_78000.pt
Training...
Validating...
Validation loss: 1.7838
Individual losses: type=0.0006, beat: 0.0173, position: 0.0237, pitch: 0.2023, duration: 0.1230, instrument: 0.0566timesignaturenumerator: 0.0024timesignaturedenominator: 0.0015tempo: 0.0185
Saved the model to: /hpctmp/e0787977/mmt/exp/sod/checkpoints/model_79000.pt
Training...
Validating...
Validation loss: 1.7881
Individual losses: type=0.0006, beat: 0.0176, position: 0.0239, pitch: 0.2024, duration: 0.1231, instrument: 0.0570timesignaturenumerator: 0.0024timesignaturedenominator: 0.0015tempo: 0.0185
Saved the model to: /hpctmp/e0787977/mmt/exp/sod/checkpoints/model_80000.pt
Training...
Validating...
Validation loss: 1.7818
Individual losses: type=0.0006, beat: 0.0172, position: 0.0237, pitch: 0.2020, duration: 0.1229, instrument: 0.0565timesignaturenumerator: 0.0024timesignaturedenominator: 0.0015tempo: 0.0186
Saved the model to: /hpctmp/e0787977/mmt/exp/sod/checkpoints/model_81000.pt
Training...
Validating...
Validation loss: 1.7805
Individual losses: type=0.0006, beat: 0.0173, position: 0.0235, pitch: 0.2016, duration: 0.1228, instrument: 0.0567timesignaturenumerator: 0.0025timesignaturedenominator: 0.0015tempo: 0.0186
Saved the model to: /hpctmp/e0787977/mmt/exp/sod/checkpoints/model_82000.pt
Training...
Validating...
Validation loss: 1.7814
Individual losses: type=0.0006, beat: 0.0171, position: 0.0237, pitch: 0.2017, duration: 0.1230, instrument: 0.0569timesignaturenumerator: 0.0025timesignaturedenominator: 0.0015tempo: 0.0185
Saved the model to: /hpctmp/e0787977/mmt/exp/sod/checkpoints/model_83000.pt
Training...
Validating...
Validation loss: 1.8022
Individual losses: type=0.0006, beat: 0.0177, position: 0.0243, pitch: 0.2032, duration: 0.1240, instrument: 0.0577timesignaturenumerator: 0.0026timesignaturedenominator: 0.0016tempo: 0.0189
Saved the model to: /hpctmp/e0787977/mmt/exp/sod/checkpoints/model_84000.pt
Training...
Validating...
Validation loss: 1.7749
Individual losses: type=0.0006, beat: 0.0172, position: 0.0236, pitch: 0.2013, duration: 0.1223, instrument: 0.0565timesignaturenumerator: 0.0025timesignaturedenominator: 0.0015tempo: 0.0184
Saved the model to: /hpctmp/e0787977/mmt/exp/sod/checkpoints/model_85000.pt
Training...
Validating...
Validation loss: 1.7888
Individual losses: type=0.0006, beat: 0.0173, position: 0.0240, pitch: 0.2020, duration: 0.1235, instrument: 0.0572timesignaturenumerator: 0.0025timesignaturedenominator: 0.0015tempo: 0.0186
Saved the model to: /hpctmp/e0787977/mmt/exp/sod/checkpoints/model_86000.pt
Training...
Validating...
Validation loss: 1.7931
Individual losses: type=0.0006, beat: 0.0174, position: 0.0241, pitch: 0.2023, duration: 0.1236, instrument: 0.0574timesignaturenumerator: 0.0024timesignaturedenominator: 0.0016tempo: 0.0187
Saved the model to: /hpctmp/e0787977/mmt/exp/sod/checkpoints/model_87000.pt
Training...
Validating...
Validation loss: 1.7844
Individual losses: type=0.0006, beat: 0.0175, position: 0.0240, pitch: 0.2017, duration: 0.1230, instrument: 0.0568timesignaturenumerator: 0.0024timesignaturedenominator: 0.0015tempo: 0.0186
Saved the model to: /hpctmp/e0787977/mmt/exp/sod/checkpoints/model_88000.pt
Training...
Validating...
Validation loss: 1.7828
Individual losses: type=0.0006, beat: 0.0174, position: 0.0239, pitch: 0.2014, duration: 0.1230, instrument: 0.0568timesignaturenumerator: 0.0025timesignaturedenominator: 0.0015tempo: 0.0186
Saved the model to: /hpctmp/e0787977/mmt/exp/sod/checkpoints/model_89000.pt
Training...
Validating...
Validation loss: 1.7748
Individual losses: type=0.0006, beat: 0.0172, position: 0.0236, pitch: 0.2010, duration: 0.1225, instrument: 0.0565timesignaturenumerator: 0.0025timesignaturedenominator: 0.0015tempo: 0.0184
Saved the model to: /hpctmp/e0787977/mmt/exp/sod/checkpoints/model_90000.pt
Training...
Validating...
Validation loss: 1.7906
Individual losses: type=0.0006, beat: 0.0176, position: 0.0240, pitch: 0.2018, duration: 0.1237, instrument: 0.0572timesignaturenumerator: 0.0025timesignaturedenominator: 0.0016tempo: 0.0187
Saved the model to: /hpctmp/e0787977/mmt/exp/sod/checkpoints/model_91000.pt
Stopped the training for no improvements in 20 rounds.
Minimum validation loss achieved: 1.752258590526051
Saved the optimizer state to: /hpctmp/e0787977/mmt/exp/sod/checkpoints/optimizer_91000.pt
Saved the scheduler state to: /hpctmp/e0787977/mmt/exp/sod/checkpoints/scheduler_91000.pt
