Running command: python mmt/train.py -d lmd_full -o exp/lmd_full -g 0
Using arguments:
{'abs_pos_emb': True,
 'aug': True,
 'batch_size': 8,
 'dataset': 'lmd_full',
 'dim': 512,
 'dropout': 0.2,
 'early_stopping': True,
 'early_stopping_tolerance': 20,
 'gpu': 0,
 'grad_norm_clip': 1.0,
 'heads': 8,
 'in_dir': PosixPath('data/lmd_full/processed/notes'),
 'jobs': 4,
 'layers': 6,
 'learning_rate': 0.0005,
 'lr_decay_multiplier': 0.1,
 'lr_decay_steps': 100000,
 'lr_warmup_steps': 5000,
 'max_beat': 256,
 'max_seq_len': 1024,
 'out_dir': PosixPath('/hpctmp/e0787977/mmt/exp/lmd_full'),
 'quiet': False,
 'rel_pos_emb': False,
 'steps': 200000,
 'train_names': PosixPath('data/lmd_full/processed/train-names.txt'),
 'use_csv': False,
 'valid_names': PosixPath('data/lmd_full/processed/valid-names.txt'),
 'valid_steps': 1000}
Saved arguments to /hpctmp/e0787977/mmt/exp/lmd_full/train-args.json
Using device: cuda:0
Creating the data loader...
Creating model...
Number of parameters: 36379175
Number of trainable parameters: 19995175
Reloaded SentencePiece model from tokenizer.model
#words: 32000 - BOS ID: 1 - EOS ID: 2
Training...
Validating...
Validation loss: 8.1393
Individual losses: type=0.0029, beat: 0.1653, position: 0.2249, pitch: 0.7026, duration: 0.4468, instrument: 0.3564timesignaturenumerator: 0.0132timesignaturedenominator: 0.0054tempo: 0.1172
Saved the model to: /hpctmp/e0787977/mmt/exp/lmd_full/checkpoints/model_1000.pt
Training...
Validating...
Validation loss: 7.1649
Individual losses: type=0.0007, beat: 0.0924, position: 0.2035, pitch: 0.6366, duration: 0.4310, instrument: 0.3050timesignaturenumerator: 0.0097timesignaturedenominator: 0.0030tempo: 0.1092
Saved the model to: /hpctmp/e0787977/mmt/exp/lmd_full/checkpoints/model_2000.pt
Training...
Validating...
Validation loss: 6.6080
Individual losses: type=0.0005, beat: 0.0802, position: 0.1862, pitch: 0.5860, duration: 0.4140, instrument: 0.2710timesignaturenumerator: 0.0038timesignaturedenominator: 0.0020tempo: 0.1083
Saved the model to: /hpctmp/e0787977/mmt/exp/lmd_full/checkpoints/model_3000.pt
Training...
Validating...
Validation loss: 6.2944
Individual losses: type=0.0004, beat: 0.0711, position: 0.1797, pitch: 0.5569, duration: 0.4032, instrument: 0.2528timesignaturenumerator: 0.0039timesignaturedenominator: 0.0028tempo: 0.1028
Saved the model to: /hpctmp/e0787977/mmt/exp/lmd_full/checkpoints/model_4000.pt
Training...
Validating...
Validation loss: 5.9709
Individual losses: type=0.0004, beat: 0.0660, position: 0.1695, pitch: 0.5207, duration: 0.3888, instrument: 0.2352timesignaturenumerator: 0.0044timesignaturedenominator: 0.0051tempo: 0.1028
Saved the model to: /hpctmp/e0787977/mmt/exp/lmd_full/checkpoints/model_5000.pt
Training...
Validating...
Validation loss: 5.2516
Individual losses: type=0.0004, beat: 0.0589, position: 0.1449, pitch: 0.4490, duration: 0.3493, instrument: 0.2051timesignaturenumerator: 0.0059timesignaturedenominator: 0.0028tempo: 0.0965
Saved the model to: /hpctmp/e0787977/mmt/exp/lmd_full/checkpoints/model_6000.pt
Training...
Validating...
Validation loss: 4.5790
Individual losses: type=0.0004, beat: 0.0504, position: 0.1254, pitch: 0.3888, duration: 0.3180, instrument: 0.1732timesignaturenumerator: 0.0027timesignaturedenominator: 0.0012tempo: 0.0846
Saved the model to: /hpctmp/e0787977/mmt/exp/lmd_full/checkpoints/model_7000.pt
Training...
Validating...
Validation loss: 4.1595
Individual losses: type=0.0003, beat: 0.0441, position: 0.1124, pitch: 0.3504, duration: 0.2971, instrument: 0.1528timesignaturenumerator: 0.0024timesignaturedenominator: 0.0011tempo: 0.0792
Saved the model to: /hpctmp/e0787977/mmt/exp/lmd_full/checkpoints/model_8000.pt
Training...
Validating...
Validation loss: 3.9231
Individual losses: type=0.0003, beat: 0.0406, position: 0.1057, pitch: 0.3292, duration: 0.2850, instrument: 0.1393timesignaturenumerator: 0.0023timesignaturedenominator: 0.0011tempo: 0.0771
Saved the model to: /hpctmp/e0787977/mmt/exp/lmd_full/checkpoints/model_9000.pt
Training...
Validating...
Validation loss: 3.7665
Individual losses: type=0.0003, beat: 0.0370, position: 0.0974, pitch: 0.3100, duration: 0.2750, instrument: 0.1306timesignaturenumerator: 0.0026timesignaturedenominator: 0.0009tempo: 0.0723
Saved the model to: /hpctmp/e0787977/mmt/exp/lmd_full/checkpoints/model_10000.pt
Training...
Validating...
Validation loss: 3.6199
Individual losses: type=0.0003, beat: 0.0356, position: 0.0954, pitch: 0.3028, duration: 0.2708, instrument: 0.1250timesignaturenumerator: 0.0022timesignaturedenominator: 0.0010tempo: 0.0719
Saved the model to: /hpctmp/e0787977/mmt/exp/lmd_full/checkpoints/model_11000.pt
Training...
Validating...
Validation loss: 3.4709
Individual losses: type=0.0003, beat: 0.0336, position: 0.0918, pitch: 0.2895, duration: 0.2633, instrument: 0.1170timesignaturenumerator: 0.0018timesignaturedenominator: 0.0008tempo: 0.0696
Saved the model to: /hpctmp/e0787977/mmt/exp/lmd_full/checkpoints/model_12000.pt
Training...
Validating...
Validation loss: 3.4116
Individual losses: type=0.0003, beat: 0.0325, position: 0.0895, pitch: 0.2838, duration: 0.2605, instrument: 0.1145timesignaturenumerator: 0.0022timesignaturedenominator: 0.0008tempo: 0.0688
Saved the model to: /hpctmp/e0787977/mmt/exp/lmd_full/checkpoints/model_13000.pt
Training...
Validating...
Validation loss: 3.3335
Individual losses: type=0.0003, beat: 0.0312, position: 0.0871, pitch: 0.2776, duration: 0.2560, instrument: 0.1096timesignaturenumerator: 0.0017timesignaturedenominator: 0.0006tempo: 0.0693
Saved the model to: /hpctmp/e0787977/mmt/exp/lmd_full/checkpoints/model_14000.pt
Training...
Validating...
Validation loss: 3.2881
Individual losses: type=0.0003, beat: 0.0306, position: 0.0859, pitch: 0.2731, duration: 0.2539, instrument: 0.1081timesignaturenumerator: 0.0024timesignaturedenominator: 0.0007tempo: 0.0671
Saved the model to: /hpctmp/e0787977/mmt/exp/lmd_full/checkpoints/model_15000.pt
Training...
Validating...
Validation loss: 3.2271
Individual losses: type=0.0003, beat: 0.0296, position: 0.0840, pitch: 0.2676, duration: 0.2508, instrument: 0.1060timesignaturenumerator: 0.0017timesignaturedenominator: 0.0007tempo: 0.0661
Saved the model to: /hpctmp/e0787977/mmt/exp/lmd_full/checkpoints/model_16000.pt
Training...
Validating...
Validation loss: 3.1913
Individual losses: type=0.0003, beat: 0.0294, position: 0.0827, pitch: 0.2644, duration: 0.2501, instrument: 0.1028timesignaturenumerator: 0.0016timesignaturedenominator: 0.0007tempo: 0.0659
Saved the model to: /hpctmp/e0787977/mmt/exp/lmd_full/checkpoints/model_17000.pt
Training...
Validating...
Validation loss: 3.1465
Individual losses: type=0.0003, beat: 0.0285, position: 0.0815, pitch: 0.2608, duration: 0.2473, instrument: 0.1005timesignaturenumerator: 0.0019timesignaturedenominator: 0.0008tempo: 0.0652
Saved the model to: /hpctmp/e0787977/mmt/exp/lmd_full/checkpoints/model_18000.pt
Training...
Validating...
Validation loss: 3.1118
Individual losses: type=0.0003, beat: 0.0284, position: 0.0807, pitch: 0.2566, duration: 0.2449, instrument: 0.1004timesignaturenumerator: 0.0015timesignaturedenominator: 0.0007tempo: 0.0646
Saved the model to: /hpctmp/e0787977/mmt/exp/lmd_full/checkpoints/model_19000.pt
Training...
Validating...
Validation loss: 3.0795
Individual losses: type=0.0003, beat: 0.0277, position: 0.0797, pitch: 0.2543, duration: 0.2438, instrument: 0.0979timesignaturenumerator: 0.0015timesignaturedenominator: 0.0006tempo: 0.0642
Saved the model to: /hpctmp/e0787977/mmt/exp/lmd_full/checkpoints/model_20000.pt
Training...
Validating...
Validation loss: 3.0467
Individual losses: type=0.0003, beat: 0.0271, position: 0.0788, pitch: 0.2514, duration: 0.2415, instrument: 0.0971timesignaturenumerator: 0.0014timesignaturedenominator: 0.0006tempo: 0.0635
Saved the model to: /hpctmp/e0787977/mmt/exp/lmd_full/checkpoints/model_21000.pt
Training...
Validating...
Validation loss: 3.0268
Individual losses: type=0.0003, beat: 0.0267, position: 0.0784, pitch: 0.2491, duration: 0.2417, instrument: 0.0950timesignaturenumerator: 0.0014timesignaturedenominator: 0.0007tempo: 0.0633
Saved the model to: /hpctmp/e0787977/mmt/exp/lmd_full/checkpoints/model_22000.pt
Training...
Validating...
Validation loss: 3.0018
Individual losses: type=0.0003, beat: 0.0265, position: 0.0772, pitch: 0.2470, duration: 0.2395, instrument: 0.0950timesignaturenumerator: 0.0014timesignaturedenominator: 0.0007tempo: 0.0630
Saved the model to: /hpctmp/e0787977/mmt/exp/lmd_full/checkpoints/model_23000.pt
Training...
Validating...
Validation loss: 2.9870
Individual losses: type=0.0003, beat: 0.0266, position: 0.0771, pitch: 0.2459, duration: 0.2385, instrument: 0.0936timesignaturenumerator: 0.0014timesignaturedenominator: 0.0007tempo: 0.0626
Saved the model to: /hpctmp/e0787977/mmt/exp/lmd_full/checkpoints/model_24000.pt
Training...
Validating...
Validation loss: 2.9643
Individual losses: type=0.0003, beat: 0.0259, position: 0.0766, pitch: 0.2428, duration: 0.2375, instrument: 0.0935timesignaturenumerator: 0.0014timesignaturedenominator: 0.0006tempo: 0.0625
Saved the model to: /hpctmp/e0787977/mmt/exp/lmd_full/checkpoints/model_25000.pt
Training...
Validating...
Validation loss: 2.9585
Individual losses: type=0.0002, beat: 0.0257, position: 0.0761, pitch: 0.2432, duration: 0.2378, instrument: 0.0921timesignaturenumerator: 0.0014timesignaturedenominator: 0.0006tempo: 0.0626
Saved the model to: /hpctmp/e0787977/mmt/exp/lmd_full/checkpoints/model_26000.pt
Training...
Validating...
Validation loss: 2.9370
Individual losses: type=0.0002, beat: 0.0257, position: 0.0755, pitch: 0.2405, duration: 0.2366, instrument: 0.0918timesignaturenumerator: 0.0014timesignaturedenominator: 0.0006tempo: 0.0620
Saved the model to: /hpctmp/e0787977/mmt/exp/lmd_full/checkpoints/model_27000.pt
Training...
Validating...
Validation loss: 2.8975
Individual losses: type=0.0002, beat: 0.0251, position: 0.0745, pitch: 0.2371, duration: 0.2344, instrument: 0.0896timesignaturenumerator: 0.0014timesignaturedenominator: 0.0006tempo: 0.0614
Saved the model to: /hpctmp/e0787977/mmt/exp/lmd_full/checkpoints/model_28000.pt
Training...
Validating...
Validation loss: 2.8827
Individual losses: type=0.0002, beat: 0.0249, position: 0.0740, pitch: 0.2364, duration: 0.2334, instrument: 0.0890timesignaturenumerator: 0.0013timesignaturedenominator: 0.0006tempo: 0.0610
Saved the model to: /hpctmp/e0787977/mmt/exp/lmd_full/checkpoints/model_29000.pt
Training...
Validating...
Validation loss: 2.8756
Individual losses: type=0.0002, beat: 0.0248, position: 0.0737, pitch: 0.2352, duration: 0.2331, instrument: 0.0886timesignaturenumerator: 0.0014timesignaturedenominator: 0.0006tempo: 0.0612
Saved the model to: /hpctmp/e0787977/mmt/exp/lmd_full/checkpoints/model_30000.pt
Training...
Validating...
Validation loss: 2.8703
Individual losses: type=0.0002, beat: 0.0247, position: 0.0736, pitch: 0.2349, duration: 0.2326, instrument: 0.0887timesignaturenumerator: 0.0013timesignaturedenominator: 0.0006tempo: 0.0610
Saved the model to: /hpctmp/e0787977/mmt/exp/lmd_full/checkpoints/model_31000.pt
Training...
Validating...
Validation loss: 2.8379
Individual losses: type=0.0002, beat: 0.0243, position: 0.0727, pitch: 0.2319, duration: 0.2312, instrument: 0.0868timesignaturenumerator: 0.0013timesignaturedenominator: 0.0005tempo: 0.0605
Saved the model to: /hpctmp/e0787977/mmt/exp/lmd_full/checkpoints/model_32000.pt
Training...
Validating...
Validation loss: 2.8301
Individual losses: type=0.0002, beat: 0.0242, position: 0.0724, pitch: 0.2307, duration: 0.2309, instrument: 0.0869timesignaturenumerator: 0.0014timesignaturedenominator: 0.0006tempo: 0.0604
Saved the model to: /hpctmp/e0787977/mmt/exp/lmd_full/checkpoints/model_33000.pt
Training...
Validating...
Validation loss: 2.8142
Individual losses: type=0.0002, beat: 0.0240, position: 0.0720, pitch: 0.2291, duration: 0.2304, instrument: 0.0858timesignaturenumerator: 0.0012timesignaturedenominator: 0.0005tempo: 0.0603
Saved the model to: /hpctmp/e0787977/mmt/exp/lmd_full/checkpoints/model_34000.pt
Training...
Validating...
Validation loss: 2.8109
Individual losses: type=0.0002, beat: 0.0240, position: 0.0718, pitch: 0.2288, duration: 0.2293, instrument: 0.0865timesignaturenumerator: 0.0014timesignaturedenominator: 0.0006tempo: 0.0599
Saved the model to: /hpctmp/e0787977/mmt/exp/lmd_full/checkpoints/model_35000.pt
Training...
Validating...
Validation loss: 2.8070
Individual losses: type=0.0002, beat: 0.0241, position: 0.0717, pitch: 0.2286, duration: 0.2294, instrument: 0.0860timesignaturenumerator: 0.0013timesignaturedenominator: 0.0006tempo: 0.0600
Saved the model to: /hpctmp/e0787977/mmt/exp/lmd_full/checkpoints/model_36000.pt
Training...
Validating...
Validation loss: 2.7786
Individual losses: type=0.0002, beat: 0.0236, position: 0.0710, pitch: 0.2262, duration: 0.2279, instrument: 0.0842timesignaturenumerator: 0.0012timesignaturedenominator: 0.0006tempo: 0.0597
Saved the model to: /hpctmp/e0787977/mmt/exp/lmd_full/checkpoints/model_37000.pt
Training...
Validating...
Validation loss: 2.7674
Individual losses: type=0.0002, beat: 0.0234, position: 0.0705, pitch: 0.2253, duration: 0.2272, instrument: 0.0839timesignaturenumerator: 0.0012timesignaturedenominator: 0.0006tempo: 0.0595
Saved the model to: /hpctmp/e0787977/mmt/exp/lmd_full/checkpoints/model_38000.pt
Training...
Validating...
Validation loss: 2.7588
Individual losses: type=0.0002, beat: 0.0233, position: 0.0704, pitch: 0.2242, duration: 0.2269, instrument: 0.0835timesignaturenumerator: 0.0012timesignaturedenominator: 0.0006tempo: 0.0593
Saved the model to: /hpctmp/e0787977/mmt/exp/lmd_full/checkpoints/model_39000.pt
Training...
Validating...
Validation loss: 2.7464
Individual losses: type=0.0002, beat: 0.0232, position: 0.0702, pitch: 0.2230, duration: 0.2260, instrument: 0.0832timesignaturenumerator: 0.0012timesignaturedenominator: 0.0006tempo: 0.0591
Saved the model to: /hpctmp/e0787977/mmt/exp/lmd_full/checkpoints/model_40000.pt
Training...
Validating...
Validation loss: 2.7399
Individual losses: type=0.0002, beat: 0.0232, position: 0.0697, pitch: 0.2226, duration: 0.2257, instrument: 0.0827timesignaturenumerator: 0.0012timesignaturedenominator: 0.0006tempo: 0.0590
Saved the model to: /hpctmp/e0787977/mmt/exp/lmd_full/checkpoints/model_41000.pt
Training...
Validating...
Validation loss: 2.7262
Individual losses: type=0.0002, beat: 0.0229, position: 0.0694, pitch: 0.2215, duration: 0.2249, instrument: 0.0821timesignaturenumerator: 0.0012timesignaturedenominator: 0.0006tempo: 0.0587
Saved the model to: /hpctmp/e0787977/mmt/exp/lmd_full/checkpoints/model_42000.pt
Training...
Validating...
Validation loss: 2.7205
Individual losses: type=0.0002, beat: 0.0229, position: 0.0692, pitch: 0.2208, duration: 0.2246, instrument: 0.0819timesignaturenumerator: 0.0012timesignaturedenominator: 0.0005tempo: 0.0586
Saved the model to: /hpctmp/e0787977/mmt/exp/lmd_full/checkpoints/model_43000.pt
Training...
Validating...
Validation loss: 2.7100
Individual losses: type=0.0002, beat: 0.0227, position: 0.0688, pitch: 0.2198, duration: 0.2243, instrument: 0.0812timesignaturenumerator: 0.0012timesignaturedenominator: 0.0005tempo: 0.0587
Saved the model to: /hpctmp/e0787977/mmt/exp/lmd_full/checkpoints/model_44000.pt
Training...
Validating...
Validation loss: 2.6970
Individual losses: type=0.0002, beat: 0.0226, position: 0.0686, pitch: 0.2186, duration: 0.2235, instrument: 0.0809timesignaturenumerator: 0.0012timesignaturedenominator: 0.0005tempo: 0.0581
Saved the model to: /hpctmp/e0787977/mmt/exp/lmd_full/checkpoints/model_45000.pt
Training...
Validating...
Validation loss: 2.6946
Individual losses: type=0.0002, beat: 0.0225, position: 0.0684, pitch: 0.2180, duration: 0.2234, instrument: 0.0809timesignaturenumerator: 0.0012timesignaturedenominator: 0.0005tempo: 0.0584
Saved the model to: /hpctmp/e0787977/mmt/exp/lmd_full/checkpoints/model_46000.pt
Training...
Validating...
Validation loss: 2.6864
Individual losses: type=0.0002, beat: 0.0225, position: 0.0683, pitch: 0.2177, duration: 0.2229, instrument: 0.0801timesignaturenumerator: 0.0012timesignaturedenominator: 0.0005tempo: 0.0582
Saved the model to: /hpctmp/e0787977/mmt/exp/lmd_full/checkpoints/model_47000.pt
Training...
Validating...
Validation loss: 2.6770
Individual losses: type=0.0002, beat: 0.0224, position: 0.0680, pitch: 0.2166, duration: 0.2221, instrument: 0.0801timesignaturenumerator: 0.0012timesignaturedenominator: 0.0007tempo: 0.0579
Saved the model to: /hpctmp/e0787977/mmt/exp/lmd_full/checkpoints/model_48000.pt
Training...
Validating...
Validation loss: 2.6743
Individual losses: type=0.0002, beat: 0.0223, position: 0.0679, pitch: 0.2161, duration: 0.2222, instrument: 0.0802timesignaturenumerator: 0.0011timesignaturedenominator: 0.0005tempo: 0.0581
Saved the model to: /hpctmp/e0787977/mmt/exp/lmd_full/checkpoints/model_49000.pt
Training...
Validating...
Validation loss: 2.6647
Individual losses: type=0.0002, beat: 0.0223, position: 0.0676, pitch: 0.2159, duration: 0.2215, instrument: 0.0793timesignaturenumerator: 0.0011timesignaturedenominator: 0.0005tempo: 0.0578
Saved the model to: /hpctmp/e0787977/mmt/exp/lmd_full/checkpoints/model_50000.pt
Training...
Validating...
Validation loss: 2.6605
Individual losses: type=0.0002, beat: 0.0223, position: 0.0674, pitch: 0.2150, duration: 0.2215, instrument: 0.0795timesignaturenumerator: 0.0011timesignaturedenominator: 0.0005tempo: 0.0577
Saved the model to: /hpctmp/e0787977/mmt/exp/lmd_full/checkpoints/model_51000.pt
Training...
Validating...
Validation loss: 2.6653
Individual losses: type=0.0002, beat: 0.0222, position: 0.0675, pitch: 0.2152, duration: 0.2222, instrument: 0.0793timesignaturenumerator: 0.0012timesignaturedenominator: 0.0005tempo: 0.0582
Saved the model to: /hpctmp/e0787977/mmt/exp/lmd_full/checkpoints/model_52000.pt
Training...
Validating...
Validation loss: 2.6494
Individual losses: type=0.0002, beat: 0.0220, position: 0.0671, pitch: 0.2141, duration: 0.2206, instrument: 0.0792timesignaturenumerator: 0.0011timesignaturedenominator: 0.0005tempo: 0.0576
Saved the model to: /hpctmp/e0787977/mmt/exp/lmd_full/checkpoints/model_53000.pt
Training...
Validating...
Validation loss: 2.6373
Individual losses: type=0.0002, beat: 0.0218, position: 0.0670, pitch: 0.2130, duration: 0.2200, instrument: 0.0784timesignaturenumerator: 0.0011timesignaturedenominator: 0.0005tempo: 0.0573
Saved the model to: /hpctmp/e0787977/mmt/exp/lmd_full/checkpoints/model_54000.pt
Training...
Validating...
Validation loss: 2.6404
Individual losses: type=0.0002, beat: 0.0219, position: 0.0669, pitch: 0.2135, duration: 0.2200, instrument: 0.0785timesignaturenumerator: 0.0011timesignaturedenominator: 0.0005tempo: 0.0575
Saved the model to: /hpctmp/e0787977/mmt/exp/lmd_full/checkpoints/model_55000.pt
Training...
Validating...
Validation loss: 2.6340
Individual losses: type=0.0002, beat: 0.0218, position: 0.0666, pitch: 0.2128, duration: 0.2198, instrument: 0.0782timesignaturenumerator: 0.0011timesignaturedenominator: 0.0005tempo: 0.0575
Saved the model to: /hpctmp/e0787977/mmt/exp/lmd_full/checkpoints/model_56000.pt
Training...
Validating...
Validation loss: 2.6280
Individual losses: type=0.0002, beat: 0.0218, position: 0.0665, pitch: 0.2119, duration: 0.2196, instrument: 0.0782timesignaturenumerator: 0.0011timesignaturedenominator: 0.0005tempo: 0.0572
Saved the model to: /hpctmp/e0787977/mmt/exp/lmd_full/checkpoints/model_57000.pt
Training...
Validating...
Validation loss: 2.6169
Individual losses: type=0.0002, beat: 0.0217, position: 0.0662, pitch: 0.2110, duration: 0.2189, instrument: 0.0775timesignaturenumerator: 0.0011timesignaturedenominator: 0.0005tempo: 0.0572
Saved the model to: /hpctmp/e0787977/mmt/exp/lmd_full/checkpoints/model_58000.pt
Training...
Validating...
Validation loss: 2.6149
Individual losses: type=0.0002, beat: 0.0215, position: 0.0661, pitch: 0.2107, duration: 0.2187, instrument: 0.0777timesignaturenumerator: 0.0011timesignaturedenominator: 0.0005tempo: 0.0570
Saved the model to: /hpctmp/e0787977/mmt/exp/lmd_full/checkpoints/model_59000.pt
Training...
Validating...
Validation loss: 2.6170
Individual losses: type=0.0002, beat: 0.0216, position: 0.0662, pitch: 0.2109, duration: 0.2191, instrument: 0.0776timesignaturenumerator: 0.0011timesignaturedenominator: 0.0005tempo: 0.0571
Saved the model to: /hpctmp/e0787977/mmt/exp/lmd_full/checkpoints/model_60000.pt
Training...
Validating...
Validation loss: 2.6023
Individual losses: type=0.0002, beat: 0.0215, position: 0.0659, pitch: 0.2099, duration: 0.2180, instrument: 0.0769timesignaturenumerator: 0.0011timesignaturedenominator: 0.0005tempo: 0.0566
Saved the model to: /hpctmp/e0787977/mmt/exp/lmd_full/checkpoints/model_61000.pt
Training...
Validating...
Validation loss: 2.6048
Individual losses: type=0.0002, beat: 0.0214, position: 0.0657, pitch: 0.2098, duration: 0.2186, instrument: 0.0771timesignaturenumerator: 0.0011timesignaturedenominator: 0.0005tempo: 0.0570
Saved the model to: /hpctmp/e0787977/mmt/exp/lmd_full/checkpoints/model_62000.pt
Training...
Validating...
Validation loss: 2.5928
Individual losses: type=0.0002, beat: 0.0214, position: 0.0654, pitch: 0.2089, duration: 0.2176, instrument: 0.0765timesignaturenumerator: 0.0011timesignaturedenominator: 0.0005tempo: 0.0565
Saved the model to: /hpctmp/e0787977/mmt/exp/lmd_full/checkpoints/model_63000.pt
Training...
Validating...
Validation loss: 2.5858
Individual losses: type=0.0002, beat: 0.0212, position: 0.0654, pitch: 0.2081, duration: 0.2172, instrument: 0.0762timesignaturenumerator: 0.0011timesignaturedenominator: 0.0005tempo: 0.0565
Saved the model to: /hpctmp/e0787977/mmt/exp/lmd_full/checkpoints/model_64000.pt
Training...
Validating...
Validation loss: 2.5873
Individual losses: type=0.0002, beat: 0.0214, position: 0.0656, pitch: 0.2081, duration: 0.2174, instrument: 0.0762timesignaturenumerator: 0.0011timesignaturedenominator: 0.0005tempo: 0.0564
Saved the model to: /hpctmp/e0787977/mmt/exp/lmd_full/checkpoints/model_65000.pt
Training...
Validating...
Validation loss: 2.5795
Individual losses: type=0.0002, beat: 0.0212, position: 0.0651, pitch: 0.2076, duration: 0.2169, instrument: 0.0760timesignaturenumerator: 0.0011timesignaturedenominator: 0.0005tempo: 0.0563
Saved the model to: /hpctmp/e0787977/mmt/exp/lmd_full/checkpoints/model_66000.pt
Training...
Validating...
Validation loss: 2.5787
Individual losses: type=0.0002, beat: 0.0212, position: 0.0649, pitch: 0.2072, duration: 0.2172, instrument: 0.0759timesignaturenumerator: 0.0011timesignaturedenominator: 0.0005tempo: 0.0565
Saved the model to: /hpctmp/e0787977/mmt/exp/lmd_full/checkpoints/model_67000.pt
Training...
Validating...
Validation loss: 2.5757
Individual losses: type=0.0002, beat: 0.0212, position: 0.0651, pitch: 0.2070, duration: 0.2167, instrument: 0.0759timesignaturenumerator: 0.0011timesignaturedenominator: 0.0005tempo: 0.0563
Saved the model to: /hpctmp/e0787977/mmt/exp/lmd_full/checkpoints/model_68000.pt
Training...
Validating...
Validation loss: 2.5675
Individual losses: type=0.0002, beat: 0.0210, position: 0.0648, pitch: 0.2063, duration: 0.2163, instrument: 0.0755timesignaturenumerator: 0.0011timesignaturedenominator: 0.0005tempo: 0.0562
Saved the model to: /hpctmp/e0787977/mmt/exp/lmd_full/checkpoints/model_69000.pt
Training...
Validating...
Validation loss: 2.5590
Individual losses: type=0.0002, beat: 0.0210, position: 0.0646, pitch: 0.2059, duration: 0.2156, instrument: 0.0750timesignaturenumerator: 0.0011timesignaturedenominator: 0.0005tempo: 0.0559
Saved the model to: /hpctmp/e0787977/mmt/exp/lmd_full/checkpoints/model_70000.pt
Training...
Validating...
Validation loss: 2.5568
Individual losses: type=0.0002, beat: 0.0209, position: 0.0645, pitch: 0.2055, duration: 0.2155, instrument: 0.0750timesignaturenumerator: 0.0011timesignaturedenominator: 0.0004tempo: 0.0560
Saved the model to: /hpctmp/e0787977/mmt/exp/lmd_full/checkpoints/model_71000.pt
Training...
Validating...
Validation loss: 2.5552
Individual losses: type=0.0002, beat: 0.0208, position: 0.0644, pitch: 0.2052, duration: 0.2155, instrument: 0.0752timesignaturenumerator: 0.0011timesignaturedenominator: 0.0005tempo: 0.0560
Saved the model to: /hpctmp/e0787977/mmt/exp/lmd_full/checkpoints/model_72000.pt
Training...
Validating...
Validation loss: 2.5522
Individual losses: type=0.0002, beat: 0.0208, position: 0.0643, pitch: 0.2050, duration: 0.2154, instrument: 0.0748timesignaturenumerator: 0.0011timesignaturedenominator: 0.0005tempo: 0.0560
Saved the model to: /hpctmp/e0787977/mmt/exp/lmd_full/checkpoints/model_73000.pt
Training...
Validating...
Validation loss: 2.5525
Individual losses: type=0.0002, beat: 0.0208, position: 0.0643, pitch: 0.2049, duration: 0.2154, instrument: 0.0749timesignaturenumerator: 0.0011timesignaturedenominator: 0.0005tempo: 0.0560
Saved the model to: /hpctmp/e0787977/mmt/exp/lmd_full/checkpoints/model_74000.pt
Training...
Validating...
Validation loss: 2.5435
Individual losses: type=0.0002, beat: 0.0207, position: 0.0641, pitch: 0.2041, duration: 0.2149, instrument: 0.0746timesignaturenumerator: 0.0011timesignaturedenominator: 0.0005tempo: 0.0558
Saved the model to: /hpctmp/e0787977/mmt/exp/lmd_full/checkpoints/model_75000.pt
Training...
Validating...
Validation loss: 2.5407
Individual losses: type=0.0002, beat: 0.0207, position: 0.0639, pitch: 0.2040, duration: 0.2146, instrument: 0.0745timesignaturenumerator: 0.0011timesignaturedenominator: 0.0005tempo: 0.0558
Saved the model to: /hpctmp/e0787977/mmt/exp/lmd_full/checkpoints/model_76000.pt
Training...
Validating...
Validation loss: 2.5375
Individual losses: type=0.0002, beat: 0.0207, position: 0.0639, pitch: 0.2036, duration: 0.2146, instrument: 0.0742timesignaturenumerator: 0.0011timesignaturedenominator: 0.0004tempo: 0.0557
Saved the model to: /hpctmp/e0787977/mmt/exp/lmd_full/checkpoints/model_77000.pt
Training...
Validating...
Validation loss: 2.5352
Individual losses: type=0.0002, beat: 0.0206, position: 0.0638, pitch: 0.2034, duration: 0.2144, instrument: 0.0742timesignaturenumerator: 0.0011timesignaturedenominator: 0.0005tempo: 0.0555
Saved the model to: /hpctmp/e0787977/mmt/exp/lmd_full/checkpoints/model_78000.pt
Training...
Validating...
Validation loss: 2.5284
Individual losses: type=0.0002, beat: 0.0205, position: 0.0635, pitch: 0.2027, duration: 0.2140, instrument: 0.0741timesignaturenumerator: 0.0010timesignaturedenominator: 0.0005tempo: 0.0555
Saved the model to: /hpctmp/e0787977/mmt/exp/lmd_full/checkpoints/model_79000.pt
Training...
Validating...
Validation loss: 2.5281
Individual losses: type=0.0002, beat: 0.0205, position: 0.0636, pitch: 0.2027, duration: 0.2140, instrument: 0.0740timesignaturenumerator: 0.0010timesignaturedenominator: 0.0005tempo: 0.0555
Saved the model to: /hpctmp/e0787977/mmt/exp/lmd_full/checkpoints/model_80000.pt
Training...
Validating...
Validation loss: 2.5277
Individual losses: type=0.0002, beat: 0.0205, position: 0.0635, pitch: 0.2027, duration: 0.2139, instrument: 0.0739timesignaturenumerator: 0.0010timesignaturedenominator: 0.0005tempo: 0.0557
Saved the model to: /hpctmp/e0787977/mmt/exp/lmd_full/checkpoints/model_81000.pt
Training...
Validating...
Validation loss: 2.5248
Individual losses: type=0.0002, beat: 0.0205, position: 0.0635, pitch: 0.2024, duration: 0.2137, instrument: 0.0739timesignaturenumerator: 0.0010timesignaturedenominator: 0.0005tempo: 0.0555
Saved the model to: /hpctmp/e0787977/mmt/exp/lmd_full/checkpoints/model_82000.pt
Training...
Validating...
Validation loss: 2.5178
Individual losses: type=0.0002, beat: 0.0204, position: 0.0633, pitch: 0.2019, duration: 0.2133, instrument: 0.0735timesignaturenumerator: 0.0010timesignaturedenominator: 0.0005tempo: 0.0554
Saved the model to: /hpctmp/e0787977/mmt/exp/lmd_full/checkpoints/model_83000.pt
Training...
Validating...
Validation loss: 2.5170
Individual losses: type=0.0002, beat: 0.0205, position: 0.0634, pitch: 0.2017, duration: 0.2133, instrument: 0.0733timesignaturenumerator: 0.0010timesignaturedenominator: 0.0005tempo: 0.0554
Saved the model to: /hpctmp/e0787977/mmt/exp/lmd_full/checkpoints/model_84000.pt
Training...
Validating...
Validation loss: 2.5137
Individual losses: type=0.0002, beat: 0.0204, position: 0.0632, pitch: 0.2013, duration: 0.2131, instrument: 0.0734timesignaturenumerator: 0.0010timesignaturedenominator: 0.0005tempo: 0.0553
Saved the model to: /hpctmp/e0787977/mmt/exp/lmd_full/checkpoints/model_85000.pt
Training...
Validating...
Validation loss: 2.5078
Individual losses: type=0.0002, beat: 0.0203, position: 0.0631, pitch: 0.2008, duration: 0.2128, instrument: 0.0731timesignaturenumerator: 0.0010timesignaturedenominator: 0.0004tempo: 0.0552
Saved the model to: /hpctmp/e0787977/mmt/exp/lmd_full/checkpoints/model_86000.pt
Training...
Validating...
Validation loss: 2.5045
Individual losses: type=0.0002, beat: 0.0203, position: 0.0630, pitch: 0.2005, duration: 0.2127, instrument: 0.0729timesignaturenumerator: 0.0011timesignaturedenominator: 0.0004tempo: 0.0551
Saved the model to: /hpctmp/e0787977/mmt/exp/lmd_full/checkpoints/model_87000.pt
Training...
Validating...
Validation loss: 2.5048
Individual losses: type=0.0002, beat: 0.0203, position: 0.0629, pitch: 0.2004, duration: 0.2126, instrument: 0.0730timesignaturenumerator: 0.0010timesignaturedenominator: 0.0004tempo: 0.0553
Saved the model to: /hpctmp/e0787977/mmt/exp/lmd_full/checkpoints/model_88000.pt
Training...
Validating...
Validation loss: 2.5025
Individual losses: type=0.0002, beat: 0.0202, position: 0.0628, pitch: 0.2003, duration: 0.2125, instrument: 0.0728timesignaturenumerator: 0.0010timesignaturedenominator: 0.0004tempo: 0.0553
Saved the model to: /hpctmp/e0787977/mmt/exp/lmd_full/checkpoints/model_89000.pt
Training...
Validating...
Validation loss: 2.5021
Individual losses: type=0.0002, beat: 0.0202, position: 0.0629, pitch: 0.2003, duration: 0.2126, instrument: 0.0728timesignaturenumerator: 0.0010timesignaturedenominator: 0.0004tempo: 0.0550
Saved the model to: /hpctmp/e0787977/mmt/exp/lmd_full/checkpoints/model_90000.pt
Training...
Validating...
Validation loss: 2.4947
Individual losses: type=0.0002, beat: 0.0201, position: 0.0626, pitch: 0.1995, duration: 0.2120, instrument: 0.0727timesignaturenumerator: 0.0010timesignaturedenominator: 0.0004tempo: 0.0550
Saved the model to: /hpctmp/e0787977/mmt/exp/lmd_full/checkpoints/model_91000.pt
Training...
Validating...
Validation loss: 2.4921
Individual losses: type=0.0002, beat: 0.0201, position: 0.0625, pitch: 0.1996, duration: 0.2118, instrument: 0.0725timesignaturenumerator: 0.0010timesignaturedenominator: 0.0004tempo: 0.0549
Saved the model to: /hpctmp/e0787977/mmt/exp/lmd_full/checkpoints/model_92000.pt
Training...
Validating...
Validation loss: 2.4934
Individual losses: type=0.0002, beat: 0.0201, position: 0.0625, pitch: 0.1994, duration: 0.2121, instrument: 0.0726timesignaturenumerator: 0.0010timesignaturedenominator: 0.0004tempo: 0.0550
Saved the model to: /hpctmp/e0787977/mmt/exp/lmd_full/checkpoints/model_93000.pt
Training...
Validating...
Validation loss: 2.4874
Individual losses: type=0.0002, beat: 0.0201, position: 0.0624, pitch: 0.1990, duration: 0.2116, instrument: 0.0722timesignaturenumerator: 0.0010timesignaturedenominator: 0.0004tempo: 0.0549
Saved the model to: /hpctmp/e0787977/mmt/exp/lmd_full/checkpoints/model_94000.pt
Training...
Validating...
Validation loss: 2.4863
Individual losses: type=0.0002, beat: 0.0200, position: 0.0624, pitch: 0.1988, duration: 0.2117, instrument: 0.0721timesignaturenumerator: 0.0010timesignaturedenominator: 0.0004tempo: 0.0549
Saved the model to: /hpctmp/e0787977/mmt/exp/lmd_full/checkpoints/model_95000.pt
Training...
Validating...
Validation loss: 2.4820
Individual losses: type=0.0002, beat: 0.0200, position: 0.0623, pitch: 0.1985, duration: 0.2113, instrument: 0.0719timesignaturenumerator: 0.0010timesignaturedenominator: 0.0004tempo: 0.0548
Saved the model to: /hpctmp/e0787977/mmt/exp/lmd_full/checkpoints/model_96000.pt
Training...
Validating...
Validation loss: 2.4803
Individual losses: type=0.0002, beat: 0.0200, position: 0.0623, pitch: 0.1983, duration: 0.2113, instrument: 0.0718timesignaturenumerator: 0.0010timesignaturedenominator: 0.0004tempo: 0.0548
Saved the model to: /hpctmp/e0787977/mmt/exp/lmd_full/checkpoints/model_97000.pt
Training...
Validating...
Validation loss: 2.4801
Individual losses: type=0.0002, beat: 0.0199, position: 0.0623, pitch: 0.1982, duration: 0.2114, instrument: 0.0719timesignaturenumerator: 0.0010timesignaturedenominator: 0.0004tempo: 0.0547
Saved the model to: /hpctmp/e0787977/mmt/exp/lmd_full/checkpoints/model_98000.pt
Training...
Validating...
Validation loss: 2.4763
Individual losses: type=0.0002, beat: 0.0199, position: 0.0621, pitch: 0.1979, duration: 0.2110, instrument: 0.0717timesignaturenumerator: 0.0010timesignaturedenominator: 0.0004tempo: 0.0548
Saved the model to: /hpctmp/e0787977/mmt/exp/lmd_full/checkpoints/model_99000.pt
Training...
Validating...
Validation loss: 2.4751
Individual losses: type=0.0002, beat: 0.0199, position: 0.0621, pitch: 0.1977, duration: 0.2109, instrument: 0.0718timesignaturenumerator: 0.0010timesignaturedenominator: 0.0004tempo: 0.0547
Saved the model to: /hpctmp/e0787977/mmt/exp/lmd_full/checkpoints/model_100000.pt
Training...
Validating...
Validation loss: 2.4733
Individual losses: type=0.0002, beat: 0.0199, position: 0.0621, pitch: 0.1975, duration: 0.2108, instrument: 0.0717timesignaturenumerator: 0.0010timesignaturedenominator: 0.0004tempo: 0.0546
Saved the model to: /hpctmp/e0787977/mmt/exp/lmd_full/checkpoints/model_101000.pt
Training...
Validating...
Validation loss: 2.4740
Individual losses: type=0.0002, beat: 0.0199, position: 0.0621, pitch: 0.1977, duration: 0.2110, instrument: 0.0716timesignaturenumerator: 0.0010timesignaturedenominator: 0.0004tempo: 0.0547
Saved the model to: /hpctmp/e0787977/mmt/exp/lmd_full/checkpoints/model_102000.pt
Training...
Validating...
Validation loss: 2.4688
Individual losses: type=0.0002, beat: 0.0199, position: 0.0619, pitch: 0.1972, duration: 0.2106, instrument: 0.0714timesignaturenumerator: 0.0010timesignaturedenominator: 0.0004tempo: 0.0545
Saved the model to: /hpctmp/e0787977/mmt/exp/lmd_full/checkpoints/model_103000.pt
Training...
Validating...
Validation loss: 2.4698
Individual losses: type=0.0002, beat: 0.0198, position: 0.0620, pitch: 0.1973, duration: 0.2106, instrument: 0.0715timesignaturenumerator: 0.0010timesignaturedenominator: 0.0004tempo: 0.0545
Saved the model to: /hpctmp/e0787977/mmt/exp/lmd_full/checkpoints/model_104000.pt
Training...
Validating...
Validation loss: 2.4699
Individual losses: type=0.0002, beat: 0.0198, position: 0.0620, pitch: 0.1973, duration: 0.2106, instrument: 0.0715timesignaturenumerator: 0.0010timesignaturedenominator: 0.0004tempo: 0.0547
Saved the model to: /hpctmp/e0787977/mmt/exp/lmd_full/checkpoints/model_105000.pt
Training...
Validating...
Validation loss: 2.4692
Individual losses: type=0.0002, beat: 0.0198, position: 0.0619, pitch: 0.1973, duration: 0.2105, instrument: 0.0715timesignaturenumerator: 0.0010timesignaturedenominator: 0.0004tempo: 0.0546
Saved the model to: /hpctmp/e0787977/mmt/exp/lmd_full/checkpoints/model_106000.pt
Training...
Validating...
Validation loss: 2.4661
Individual losses: type=0.0002, beat: 0.0198, position: 0.0618, pitch: 0.1969, duration: 0.2104, instrument: 0.0714timesignaturenumerator: 0.0010timesignaturedenominator: 0.0004tempo: 0.0545
Saved the model to: /hpctmp/e0787977/mmt/exp/lmd_full/checkpoints/model_107000.pt
Training...
Validating...
Validation loss: 2.4676
Individual losses: type=0.0002, beat: 0.0198, position: 0.0618, pitch: 0.1972, duration: 0.2105, instrument: 0.0714timesignaturenumerator: 0.0010timesignaturedenominator: 0.0004tempo: 0.0545
Saved the model to: /hpctmp/e0787977/mmt/exp/lmd_full/checkpoints/model_108000.pt
Training...
Validating...
Validation loss: 2.4712
Individual losses: type=0.0002, beat: 0.0198, position: 0.0620, pitch: 0.1973, duration: 0.2107, instrument: 0.0717timesignaturenumerator: 0.0010timesignaturedenominator: 0.0004tempo: 0.0546
Saved the model to: /hpctmp/e0787977/mmt/exp/lmd_full/checkpoints/model_109000.pt
Training...
Validating...
Validation loss: 2.4670
Individual losses: type=0.0002, beat: 0.0198, position: 0.0618, pitch: 0.1971, duration: 0.2105, instrument: 0.0714timesignaturenumerator: 0.0010timesignaturedenominator: 0.0004tempo: 0.0545
Saved the model to: /hpctmp/e0787977/mmt/exp/lmd_full/checkpoints/model_110000.pt
Training...
Validating...
Validation loss: 2.4645
Individual losses: type=0.0002, beat: 0.0198, position: 0.0618, pitch: 0.1969, duration: 0.2103, instrument: 0.0713timesignaturenumerator: 0.0010timesignaturedenominator: 0.0004tempo: 0.0544
Saved the model to: /hpctmp/e0787977/mmt/exp/lmd_full/checkpoints/model_111000.pt
Training...
Validating...
Validation loss: 2.4669
Individual losses: type=0.0002, beat: 0.0198, position: 0.0618, pitch: 0.1969, duration: 0.2106, instrument: 0.0715timesignaturenumerator: 0.0010timesignaturedenominator: 0.0004tempo: 0.0545
Saved the model to: /hpctmp/e0787977/mmt/exp/lmd_full/checkpoints/model_112000.pt
Training...
Validating...
Validation loss: 2.4632
Individual losses: type=0.0002, beat: 0.0197, position: 0.0617, pitch: 0.1967, duration: 0.2102, instrument: 0.0713timesignaturenumerator: 0.0010timesignaturedenominator: 0.0004tempo: 0.0545
Saved the model to: /hpctmp/e0787977/mmt/exp/lmd_full/checkpoints/model_113000.pt
Training...
Validating...
Validation loss: 2.4659
Individual losses: type=0.0002, beat: 0.0198, position: 0.0618, pitch: 0.1968, duration: 0.2104, instrument: 0.0714timesignaturenumerator: 0.0010timesignaturedenominator: 0.0004tempo: 0.0545
Saved the model to: /hpctmp/e0787977/mmt/exp/lmd_full/checkpoints/model_114000.pt
Training...
Validating...
Validation loss: 2.4645
Individual losses: type=0.0002, beat: 0.0198, position: 0.0618, pitch: 0.1968, duration: 0.2103, instrument: 0.0713timesignaturenumerator: 0.0010timesignaturedenominator: 0.0004tempo: 0.0545
Saved the model to: /hpctmp/e0787977/mmt/exp/lmd_full/checkpoints/model_115000.pt
Training...
Validating...
Validation loss: 2.4612
Individual losses: type=0.0002, beat: 0.0197, position: 0.0617, pitch: 0.1965, duration: 0.2101, instrument: 0.0712timesignaturenumerator: 0.0010timesignaturedenominator: 0.0004tempo: 0.0544
Saved the model to: /hpctmp/e0787977/mmt/exp/lmd_full/checkpoints/model_116000.pt
Training...
Validating...
Validation loss: 2.4642
Individual losses: type=0.0002, beat: 0.0197, position: 0.0617, pitch: 0.1967, duration: 0.2104, instrument: 0.0713timesignaturenumerator: 0.0010timesignaturedenominator: 0.0004tempo: 0.0545
Saved the model to: /hpctmp/e0787977/mmt/exp/lmd_full/checkpoints/model_117000.pt
Training...
Validating...
Validation loss: 2.4637
Individual losses: type=0.0002, beat: 0.0197, position: 0.0617, pitch: 0.1965, duration: 0.2103, instrument: 0.0714timesignaturenumerator: 0.0010timesignaturedenominator: 0.0004tempo: 0.0546
Saved the model to: /hpctmp/e0787977/mmt/exp/lmd_full/checkpoints/model_118000.pt
Training...
Validating...
Validation loss: 2.4587
Individual losses: type=0.0002, beat: 0.0197, position: 0.0616, pitch: 0.1962, duration: 0.2100, instrument: 0.0711timesignaturenumerator: 0.0010timesignaturedenominator: 0.0004tempo: 0.0544
Saved the model to: /hpctmp/e0787977/mmt/exp/lmd_full/checkpoints/model_119000.pt
Training...
Validating...
Validation loss: 2.4611
Individual losses: type=0.0002, beat: 0.0197, position: 0.0616, pitch: 0.1964, duration: 0.2102, instrument: 0.0712timesignaturenumerator: 0.0010timesignaturedenominator: 0.0004tempo: 0.0545
Saved the model to: /hpctmp/e0787977/mmt/exp/lmd_full/checkpoints/model_120000.pt
Training...
Validating...
Validation loss: 2.4646
Individual losses: type=0.0002, beat: 0.0198, position: 0.0618, pitch: 0.1966, duration: 0.2104, instrument: 0.0714timesignaturenumerator: 0.0010timesignaturedenominator: 0.0004tempo: 0.0546
Saved the model to: /hpctmp/e0787977/mmt/exp/lmd_full/checkpoints/model_121000.pt
Training...
Validating...
Validation loss: 2.4605
Individual losses: type=0.0002, beat: 0.0197, position: 0.0617, pitch: 0.1964, duration: 0.2101, instrument: 0.0712timesignaturenumerator: 0.0010timesignaturedenominator: 0.0004tempo: 0.0544
Saved the model to: /hpctmp/e0787977/mmt/exp/lmd_full/checkpoints/model_122000.pt
Training...
Validating...
Validation loss: 2.4603
Individual losses: type=0.0002, beat: 0.0197, position: 0.0617, pitch: 0.1964, duration: 0.2100, instrument: 0.0711timesignaturenumerator: 0.0010timesignaturedenominator: 0.0004tempo: 0.0544
Saved the model to: /hpctmp/e0787977/mmt/exp/lmd_full/checkpoints/model_123000.pt
Training...
Validating...
Validation loss: 2.4557
Individual losses: type=0.0002, beat: 0.0197, position: 0.0615, pitch: 0.1959, duration: 0.2099, instrument: 0.0709timesignaturenumerator: 0.0010timesignaturedenominator: 0.0004tempo: 0.0544
Saved the model to: /hpctmp/e0787977/mmt/exp/lmd_full/checkpoints/model_124000.pt
Training...
Validating...
Validation loss: 2.4575
Individual losses: type=0.0002, beat: 0.0197, position: 0.0616, pitch: 0.1960, duration: 0.2100, instrument: 0.0711timesignaturenumerator: 0.0010timesignaturedenominator: 0.0004tempo: 0.0543
Saved the model to: /hpctmp/e0787977/mmt/exp/lmd_full/checkpoints/model_125000.pt
Training...
Validating...
Validation loss: 2.4550
Individual losses: type=0.0002, beat: 0.0197, position: 0.0615, pitch: 0.1959, duration: 0.2097, instrument: 0.0710timesignaturenumerator: 0.0010timesignaturedenominator: 0.0004tempo: 0.0543
Saved the model to: /hpctmp/e0787977/mmt/exp/lmd_full/checkpoints/model_126000.pt
Training...
Validating...
Validation loss: 2.4561
Individual losses: type=0.0002, beat: 0.0197, position: 0.0616, pitch: 0.1959, duration: 0.2098, instrument: 0.0710timesignaturenumerator: 0.0010timesignaturedenominator: 0.0004tempo: 0.0544
Saved the model to: /hpctmp/e0787977/mmt/exp/lmd_full/checkpoints/model_127000.pt
Training...
Validating...
Validation loss: 2.4594
Individual losses: type=0.0002, beat: 0.0197, position: 0.0617, pitch: 0.1963, duration: 0.2100, instrument: 0.0711timesignaturenumerator: 0.0010timesignaturedenominator: 0.0004tempo: 0.0544
Saved the model to: /hpctmp/e0787977/mmt/exp/lmd_full/checkpoints/model_128000.pt
Training...
Validating...
Validation loss: 2.4564
Individual losses: type=0.0002, beat: 0.0197, position: 0.0616, pitch: 0.1959, duration: 0.2099, instrument: 0.0709timesignaturenumerator: 0.0010timesignaturedenominator: 0.0004tempo: 0.0544
Saved the model to: /hpctmp/e0787977/mmt/exp/lmd_full/checkpoints/model_129000.pt
Training...
Validating...
Validation loss: 2.4524
Individual losses: type=0.0002, beat: 0.0196, position: 0.0615, pitch: 0.1956, duration: 0.2096, instrument: 0.0709timesignaturenumerator: 0.0010timesignaturedenominator: 0.0004tempo: 0.0543
Saved the model to: /hpctmp/e0787977/mmt/exp/lmd_full/checkpoints/model_130000.pt
Training...
Validating...
Validation loss: 2.4512
Individual losses: type=0.0002, beat: 0.0196, position: 0.0614, pitch: 0.1955, duration: 0.2095, instrument: 0.0708timesignaturenumerator: 0.0010timesignaturedenominator: 0.0004tempo: 0.0543
Saved the model to: /hpctmp/e0787977/mmt/exp/lmd_full/checkpoints/model_131000.pt
Training...
Validating...
Validation loss: 2.4568
Individual losses: type=0.0002, beat: 0.0197, position: 0.0616, pitch: 0.1960, duration: 0.2098, instrument: 0.0711timesignaturenumerator: 0.0010timesignaturedenominator: 0.0004tempo: 0.0544
Saved the model to: /hpctmp/e0787977/mmt/exp/lmd_full/checkpoints/model_132000.pt
Training...
Validating...
Validation loss: 2.4557
Individual losses: type=0.0002, beat: 0.0196, position: 0.0615, pitch: 0.1958, duration: 0.2098, instrument: 0.0710timesignaturenumerator: 0.0010timesignaturedenominator: 0.0004tempo: 0.0545
Saved the model to: /hpctmp/e0787977/mmt/exp/lmd_full/checkpoints/model_133000.pt
Training...
Validating...
Validation loss: 2.4533
Individual losses: type=0.0002, beat: 0.0197, position: 0.0614, pitch: 0.1957, duration: 0.2096, instrument: 0.0709timesignaturenumerator: 0.0010timesignaturedenominator: 0.0004tempo: 0.0544
Saved the model to: /hpctmp/e0787977/mmt/exp/lmd_full/checkpoints/model_134000.pt
Training...
Validating...
Validation loss: 2.4582
Individual losses: type=0.0002, beat: 0.0197, position: 0.0616, pitch: 0.1960, duration: 0.2099, instrument: 0.0712timesignaturenumerator: 0.0010timesignaturedenominator: 0.0004tempo: 0.0545
Saved the model to: /hpctmp/e0787977/mmt/exp/lmd_full/checkpoints/model_135000.pt
Training...
Validating...
Validation loss: 2.4513
Individual losses: type=0.0002, beat: 0.0196, position: 0.0614, pitch: 0.1955, duration: 0.2096, instrument: 0.0708timesignaturenumerator: 0.0010timesignaturedenominator: 0.0004tempo: 0.0543
Saved the model to: /hpctmp/e0787977/mmt/exp/lmd_full/checkpoints/model_136000.pt
Training...
Validating...
Validation loss: 2.4529
Individual losses: type=0.0002, beat: 0.0196, position: 0.0615, pitch: 0.1955, duration: 0.2097, instrument: 0.0709timesignaturenumerator: 0.0010timesignaturedenominator: 0.0004tempo: 0.0544
Saved the model to: /hpctmp/e0787977/mmt/exp/lmd_full/checkpoints/model_137000.pt
Training...
Validating...
Validation loss: 2.4541
Individual losses: type=0.0002, beat: 0.0197, position: 0.0615, pitch: 0.1957, duration: 0.2098, instrument: 0.0710timesignaturenumerator: 0.0010timesignaturedenominator: 0.0004tempo: 0.0543
Saved the model to: /hpctmp/e0787977/mmt/exp/lmd_full/checkpoints/model_138000.pt
Training...
Validating...
Validation loss: 2.4511
Individual losses: type=0.0002, beat: 0.0196, position: 0.0614, pitch: 0.1954, duration: 0.2096, instrument: 0.0708timesignaturenumerator: 0.0010timesignaturedenominator: 0.0004tempo: 0.0543
Saved the model to: /hpctmp/e0787977/mmt/exp/lmd_full/checkpoints/model_139000.pt
Training...
Validating...
Validation loss: 2.4492
Individual losses: type=0.0002, beat: 0.0196, position: 0.0614, pitch: 0.1952, duration: 0.2095, instrument: 0.0708timesignaturenumerator: 0.0010timesignaturedenominator: 0.0004tempo: 0.0543
Saved the model to: /hpctmp/e0787977/mmt/exp/lmd_full/checkpoints/model_140000.pt
Training...
Validating...
Validation loss: 2.4496
Individual losses: type=0.0002, beat: 0.0196, position: 0.0614, pitch: 0.1953, duration: 0.2094, instrument: 0.0708timesignaturenumerator: 0.0010timesignaturedenominator: 0.0004tempo: 0.0542
Saved the model to: /hpctmp/e0787977/mmt/exp/lmd_full/checkpoints/model_141000.pt
Training...
Validating...
Validation loss: 2.4524
Individual losses: type=0.0002, beat: 0.0196, position: 0.0614, pitch: 0.1953, duration: 0.2097, instrument: 0.0709timesignaturenumerator: 0.0010timesignaturedenominator: 0.0004tempo: 0.0544
Saved the model to: /hpctmp/e0787977/mmt/exp/lmd_full/checkpoints/model_142000.pt
Training...
Validating...
Validation loss: 2.4512
Individual losses: type=0.0002, beat: 0.0196, position: 0.0615, pitch: 0.1954, duration: 0.2095, instrument: 0.0709timesignaturenumerator: 0.0010timesignaturedenominator: 0.0004tempo: 0.0544
Saved the model to: /hpctmp/e0787977/mmt/exp/lmd_full/checkpoints/model_143000.pt
Training...
Validating...
Validation loss: 2.4486
Individual losses: type=0.0002, beat: 0.0196, position: 0.0613, pitch: 0.1951, duration: 0.2095, instrument: 0.0707timesignaturenumerator: 0.0010timesignaturedenominator: 0.0004tempo: 0.0543
Saved the model to: /hpctmp/e0787977/mmt/exp/lmd_full/checkpoints/model_144000.pt
Training...
Validating...
Validation loss: 2.4458
Individual losses: type=0.0002, beat: 0.0196, position: 0.0612, pitch: 0.1949, duration: 0.2093, instrument: 0.0706timesignaturenumerator: 0.0010timesignaturedenominator: 0.0004tempo: 0.0542
Saved the model to: /hpctmp/e0787977/mmt/exp/lmd_full/checkpoints/model_145000.pt
Training...
Validating...
Validation loss: 2.4481
Individual losses: type=0.0002, beat: 0.0196, position: 0.0613, pitch: 0.1951, duration: 0.2094, instrument: 0.0708timesignaturenumerator: 0.0010timesignaturedenominator: 0.0004tempo: 0.0542
Saved the model to: /hpctmp/e0787977/mmt/exp/lmd_full/checkpoints/model_146000.pt
Training...
Validating...
Validation loss: 2.4441
Individual losses: type=0.0002, beat: 0.0195, position: 0.0612, pitch: 0.1947, duration: 0.2092, instrument: 0.0706timesignaturenumerator: 0.0010timesignaturedenominator: 0.0004tempo: 0.0542
Saved the model to: /hpctmp/e0787977/mmt/exp/lmd_full/checkpoints/model_147000.pt
Training...
Validating...
Validation loss: 2.4483
Individual losses: type=0.0002, beat: 0.0196, position: 0.0614, pitch: 0.1950, duration: 0.2094, instrument: 0.0708timesignaturenumerator: 0.0010timesignaturedenominator: 0.0004tempo: 0.0543
Saved the model to: /hpctmp/e0787977/mmt/exp/lmd_full/checkpoints/model_148000.pt
Training...
Validating...
Validation loss: 2.4461
Individual losses: type=0.0002, beat: 0.0196, position: 0.0613, pitch: 0.1948, duration: 0.2094, instrument: 0.0707timesignaturenumerator: 0.0010timesignaturedenominator: 0.0004tempo: 0.0542
Saved the model to: /hpctmp/e0787977/mmt/exp/lmd_full/checkpoints/model_149000.pt
Training...
Validating...
Validation loss: 2.4476
Individual losses: type=0.0002, beat: 0.0196, position: 0.0614, pitch: 0.1950, duration: 0.2093, instrument: 0.0707timesignaturenumerator: 0.0010timesignaturedenominator: 0.0004tempo: 0.0542
Saved the model to: /hpctmp/e0787977/mmt/exp/lmd_full/checkpoints/model_150000.pt
Training...
Validating...
Validation loss: 2.4442
Individual losses: type=0.0002, beat: 0.0195, position: 0.0612, pitch: 0.1948, duration: 0.2091, instrument: 0.0706timesignaturenumerator: 0.0010timesignaturedenominator: 0.0004tempo: 0.0542
Saved the model to: /hpctmp/e0787977/mmt/exp/lmd_full/checkpoints/model_151000.pt
Training...
Validating...
Validation loss: 2.4431
Individual losses: type=0.0002, beat: 0.0195, position: 0.0612, pitch: 0.1947, duration: 0.2091, instrument: 0.0706timesignaturenumerator: 0.0010timesignaturedenominator: 0.0004tempo: 0.0541
Saved the model to: /hpctmp/e0787977/mmt/exp/lmd_full/checkpoints/model_152000.pt
Training...
Validating...
Validation loss: 2.4432
Individual losses: type=0.0002, beat: 0.0196, position: 0.0612, pitch: 0.1946, duration: 0.2091, instrument: 0.0706timesignaturenumerator: 0.0010timesignaturedenominator: 0.0004tempo: 0.0541
Saved the model to: /hpctmp/e0787977/mmt/exp/lmd_full/checkpoints/model_153000.pt
Training...
Validating...
Validation loss: 2.4471
Individual losses: type=0.0002, beat: 0.0196, position: 0.0613, pitch: 0.1950, duration: 0.2093, instrument: 0.0707timesignaturenumerator: 0.0010timesignaturedenominator: 0.0004tempo: 0.0543
Saved the model to: /hpctmp/e0787977/mmt/exp/lmd_full/checkpoints/model_154000.pt
Training...
Validating...
Validation loss: 2.4413
Individual losses: type=0.0002, beat: 0.0195, position: 0.0611, pitch: 0.1945, duration: 0.2089, instrument: 0.0705timesignaturenumerator: 0.0010timesignaturedenominator: 0.0004tempo: 0.0541
Saved the model to: /hpctmp/e0787977/mmt/exp/lmd_full/checkpoints/model_155000.pt
Training...
Validating...
Validation loss: 2.4401
Individual losses: type=0.0002, beat: 0.0195, position: 0.0611, pitch: 0.1943, duration: 0.2089, instrument: 0.0705timesignaturenumerator: 0.0010timesignaturedenominator: 0.0004tempo: 0.0541
Saved the model to: /hpctmp/e0787977/mmt/exp/lmd_full/checkpoints/model_156000.pt
Training...
Validating...
Validation loss: 2.4400
Individual losses: type=0.0002, beat: 0.0195, position: 0.0611, pitch: 0.1943, duration: 0.2089, instrument: 0.0704timesignaturenumerator: 0.0010timesignaturedenominator: 0.0004tempo: 0.0542
Saved the model to: /hpctmp/e0787977/mmt/exp/lmd_full/checkpoints/model_157000.pt
Training...
Validating...
Validation loss: 2.4405
Individual losses: type=0.0002, beat: 0.0195, position: 0.0611, pitch: 0.1944, duration: 0.2090, instrument: 0.0704timesignaturenumerator: 0.0010timesignaturedenominator: 0.0004tempo: 0.0541
Saved the model to: /hpctmp/e0787977/mmt/exp/lmd_full/checkpoints/model_158000.pt
Training...
Validating...
Validation loss: 2.4386
Individual losses: type=0.0002, beat: 0.0195, position: 0.0611, pitch: 0.1942, duration: 0.2088, instrument: 0.0704timesignaturenumerator: 0.0010timesignaturedenominator: 0.0005tempo: 0.0540
Saved the model to: /hpctmp/e0787977/mmt/exp/lmd_full/checkpoints/model_159000.pt
Training...
Validating...
Validation loss: 2.4504
Individual losses: type=0.0002, beat: 0.0196, position: 0.0615, pitch: 0.1952, duration: 0.2095, instrument: 0.0708timesignaturenumerator: 0.0010timesignaturedenominator: 0.0004tempo: 0.0544
Saved the model to: /hpctmp/e0787977/mmt/exp/lmd_full/checkpoints/model_160000.pt
Training...
Validating...
Validation loss: 2.4422
Individual losses: type=0.0002, beat: 0.0195, position: 0.0612, pitch: 0.1945, duration: 0.2090, instrument: 0.0705timesignaturenumerator: 0.0010timesignaturedenominator: 0.0004tempo: 0.0542
Saved the model to: /hpctmp/e0787977/mmt/exp/lmd_full/checkpoints/model_161000.pt
Training...
Validating...
Validation loss: 2.4406
Individual losses: type=0.0002, beat: 0.0195, position: 0.0611, pitch: 0.1944, duration: 0.2090, instrument: 0.0704timesignaturenumerator: 0.0010timesignaturedenominator: 0.0004tempo: 0.0542
Saved the model to: /hpctmp/e0787977/mmt/exp/lmd_full/checkpoints/model_162000.pt
Training...
Validating...
Validation loss: 2.4406
Individual losses: type=0.0002, beat: 0.0195, position: 0.0611, pitch: 0.1944, duration: 0.2090, instrument: 0.0705timesignaturenumerator: 0.0010timesignaturedenominator: 0.0004tempo: 0.0541
Saved the model to: /hpctmp/e0787977/mmt/exp/lmd_full/checkpoints/model_163000.pt
Training...
Validating...
Validation loss: 2.4412
Individual losses: type=0.0002, beat: 0.0195, position: 0.0611, pitch: 0.1944, duration: 0.2089, instrument: 0.0706timesignaturenumerator: 0.0010timesignaturedenominator: 0.0004tempo: 0.0541
Saved the model to: /hpctmp/e0787977/mmt/exp/lmd_full/checkpoints/model_164000.pt
Training...
Validating...
Validation loss: 2.4377
Individual losses: type=0.0002, beat: 0.0195, position: 0.0609, pitch: 0.1942, duration: 0.2088, instrument: 0.0703timesignaturenumerator: 0.0010timesignaturedenominator: 0.0004tempo: 0.0541
Saved the model to: /hpctmp/e0787977/mmt/exp/lmd_full/checkpoints/model_165000.pt
Training...
Validating...
Validation loss: 2.4385
Individual losses: type=0.0002, beat: 0.0195, position: 0.0611, pitch: 0.1941, duration: 0.2088, instrument: 0.0704timesignaturenumerator: 0.0010timesignaturedenominator: 0.0004tempo: 0.0541
Saved the model to: /hpctmp/e0787977/mmt/exp/lmd_full/checkpoints/model_166000.pt
Training...
Validating...
Validation loss: 2.4375
Individual losses: type=0.0002, beat: 0.0195, position: 0.0610, pitch: 0.1941, duration: 0.2088, instrument: 0.0704timesignaturenumerator: 0.0010timesignaturedenominator: 0.0004tempo: 0.0541
Saved the model to: /hpctmp/e0787977/mmt/exp/lmd_full/checkpoints/model_167000.pt
Training...
Validating...
Validation loss: 2.4386
Individual losses: type=0.0002, beat: 0.0194, position: 0.0610, pitch: 0.1943, duration: 0.2089, instrument: 0.0703timesignaturenumerator: 0.0010timesignaturedenominator: 0.0004tempo: 0.0541
Saved the model to: /hpctmp/e0787977/mmt/exp/lmd_full/checkpoints/model_168000.pt
Training...
Validating...
Validation loss: 2.4369
Individual losses: type=0.0002, beat: 0.0195, position: 0.0610, pitch: 0.1939, duration: 0.2087, instrument: 0.0704timesignaturenumerator: 0.0010timesignaturedenominator: 0.0004tempo: 0.0540
Saved the model to: /hpctmp/e0787977/mmt/exp/lmd_full/checkpoints/model_169000.pt
Training...
Validating...
Validation loss: 2.4374
Individual losses: type=0.0002, beat: 0.0195, position: 0.0611, pitch: 0.1941, duration: 0.2088, instrument: 0.0703timesignaturenumerator: 0.0010timesignaturedenominator: 0.0004tempo: 0.0540
Saved the model to: /hpctmp/e0787977/mmt/exp/lmd_full/checkpoints/model_170000.pt
Training...
Validating...
Validation loss: 2.4384
Individual losses: type=0.0002, beat: 0.0195, position: 0.0610, pitch: 0.1941, duration: 0.2089, instrument: 0.0704timesignaturenumerator: 0.0010timesignaturedenominator: 0.0004tempo: 0.0541
Saved the model to: /hpctmp/e0787977/mmt/exp/lmd_full/checkpoints/model_171000.pt
Training...
Validating...
Validation loss: 2.4352
Individual losses: type=0.0002, beat: 0.0194, position: 0.0610, pitch: 0.1939, duration: 0.2086, instrument: 0.0703timesignaturenumerator: 0.0010timesignaturedenominator: 0.0004tempo: 0.0540
Saved the model to: /hpctmp/e0787977/mmt/exp/lmd_full/checkpoints/model_172000.pt
Training...
Validating...
Validation loss: 2.4353
Individual losses: type=0.0002, beat: 0.0194, position: 0.0608, pitch: 0.1938, duration: 0.2086, instrument: 0.0704timesignaturenumerator: 0.0010timesignaturedenominator: 0.0004tempo: 0.0541
Saved the model to: /hpctmp/e0787977/mmt/exp/lmd_full/checkpoints/model_173000.pt
Training...
Validating...
Validation loss: 2.4368
Individual losses: type=0.0002, beat: 0.0195, position: 0.0611, pitch: 0.1940, duration: 0.2087, instrument: 0.0703timesignaturenumerator: 0.0010timesignaturedenominator: 0.0004tempo: 0.0541
Saved the model to: /hpctmp/e0787977/mmt/exp/lmd_full/checkpoints/model_174000.pt
Training...
Validating...
Validation loss: 2.4319
Individual losses: type=0.0002, beat: 0.0194, position: 0.0609, pitch: 0.1935, duration: 0.2084, instrument: 0.0702timesignaturenumerator: 0.0010timesignaturedenominator: 0.0004tempo: 0.0540
Saved the model to: /hpctmp/e0787977/mmt/exp/lmd_full/checkpoints/model_175000.pt
Training...
Validating...
Validation loss: 2.4342
Individual losses: type=0.0002, beat: 0.0194, position: 0.0610, pitch: 0.1938, duration: 0.2086, instrument: 0.0702timesignaturenumerator: 0.0010timesignaturedenominator: 0.0004tempo: 0.0540
Saved the model to: /hpctmp/e0787977/mmt/exp/lmd_full/checkpoints/model_176000.pt
Training...
Validating...
Validation loss: 2.4309
Individual losses: type=0.0002, beat: 0.0194, position: 0.0608, pitch: 0.1935, duration: 0.2084, instrument: 0.0701timesignaturenumerator: 0.0010timesignaturedenominator: 0.0004tempo: 0.0539
Saved the model to: /hpctmp/e0787977/mmt/exp/lmd_full/checkpoints/model_177000.pt
Training...
Validating...
Validation loss: 2.4323
Individual losses: type=0.0002, beat: 0.0194, position: 0.0608, pitch: 0.1935, duration: 0.2084, instrument: 0.0703timesignaturenumerator: 0.0010timesignaturedenominator: 0.0004tempo: 0.0539
Saved the model to: /hpctmp/e0787977/mmt/exp/lmd_full/checkpoints/model_178000.pt
Training...
Validating...
Validation loss: 2.4330
Individual losses: type=0.0002, beat: 0.0194, position: 0.0610, pitch: 0.1936, duration: 0.2085, instrument: 0.0702timesignaturenumerator: 0.0010timesignaturedenominator: 0.0004tempo: 0.0540
Saved the model to: /hpctmp/e0787977/mmt/exp/lmd_full/checkpoints/model_179000.pt
Training...
Validating...
Validation loss: 2.4331
Individual losses: type=0.0002, beat: 0.0194, position: 0.0609, pitch: 0.1936, duration: 0.2084, instrument: 0.0703timesignaturenumerator: 0.0010timesignaturedenominator: 0.0004tempo: 0.0540
Saved the model to: /hpctmp/e0787977/mmt/exp/lmd_full/checkpoints/model_180000.pt
Training...
Validating...
Validation loss: 2.4319
Individual losses: type=0.0002, beat: 0.0194, position: 0.0609, pitch: 0.1935, duration: 0.2084, instrument: 0.0702timesignaturenumerator: 0.0010timesignaturedenominator: 0.0004tempo: 0.0540
Saved the model to: /hpctmp/e0787977/mmt/exp/lmd_full/checkpoints/model_181000.pt
Training...
Validating...
Validation loss: 2.4292
Individual losses: type=0.0002, beat: 0.0194, position: 0.0608, pitch: 0.1933, duration: 0.2083, instrument: 0.0701timesignaturenumerator: 0.0010timesignaturedenominator: 0.0004tempo: 0.0539
Saved the model to: /hpctmp/e0787977/mmt/exp/lmd_full/checkpoints/model_182000.pt
Training...
Validating...
Validation loss: 2.4335
Individual losses: type=0.0002, beat: 0.0194, position: 0.0609, pitch: 0.1936, duration: 0.2085, instrument: 0.0702timesignaturenumerator: 0.0010timesignaturedenominator: 0.0004tempo: 0.0540
Saved the model to: /hpctmp/e0787977/mmt/exp/lmd_full/checkpoints/model_183000.pt
Training...
Validating...
Validation loss: 2.4298
Individual losses: type=0.0002, beat: 0.0194, position: 0.0608, pitch: 0.1932, duration: 0.2083, instrument: 0.0702timesignaturenumerator: 0.0010timesignaturedenominator: 0.0004tempo: 0.0539
Saved the model to: /hpctmp/e0787977/mmt/exp/lmd_full/checkpoints/model_184000.pt
Training...
Validating...
Validation loss: 2.4295
Individual losses: type=0.0002, beat: 0.0194, position: 0.0608, pitch: 0.1933, duration: 0.2083, instrument: 0.0701timesignaturenumerator: 0.0010timesignaturedenominator: 0.0004tempo: 0.0539
Saved the model to: /hpctmp/e0787977/mmt/exp/lmd_full/checkpoints/model_185000.pt
Training...
Validating...
Validation loss: 2.4304
Individual losses: type=0.0002, beat: 0.0194, position: 0.0608, pitch: 0.1933, duration: 0.2084, instrument: 0.0702timesignaturenumerator: 0.0010timesignaturedenominator: 0.0004tempo: 0.0540
Saved the model to: /hpctmp/e0787977/mmt/exp/lmd_full/checkpoints/model_186000.pt
Training...
Validating...
Validation loss: 2.4327
Individual losses: type=0.0002, beat: 0.0194, position: 0.0609, pitch: 0.1935, duration: 0.2084, instrument: 0.0702timesignaturenumerator: 0.0010timesignaturedenominator: 0.0004tempo: 0.0540
Saved the model to: /hpctmp/e0787977/mmt/exp/lmd_full/checkpoints/model_187000.pt
Training...
Validating...
Validation loss: 2.4323
Individual losses: type=0.0002, beat: 0.0194, position: 0.0609, pitch: 0.1933, duration: 0.2085, instrument: 0.0703timesignaturenumerator: 0.0010timesignaturedenominator: 0.0004tempo: 0.0540
Saved the model to: /hpctmp/e0787977/mmt/exp/lmd_full/checkpoints/model_188000.pt
Training...
Validating...
Validation loss: 2.4294
Individual losses: type=0.0002, beat: 0.0194, position: 0.0608, pitch: 0.1932, duration: 0.2083, instrument: 0.0702timesignaturenumerator: 0.0010timesignaturedenominator: 0.0004tempo: 0.0539
Saved the model to: /hpctmp/e0787977/mmt/exp/lmd_full/checkpoints/model_189000.pt
Training...
Validating...
Validation loss: 2.4297
Individual losses: type=0.0002, beat: 0.0194, position: 0.0608, pitch: 0.1933, duration: 0.2083, instrument: 0.0701timesignaturenumerator: 0.0010timesignaturedenominator: 0.0004tempo: 0.0539
Saved the model to: /hpctmp/e0787977/mmt/exp/lmd_full/checkpoints/model_190000.pt
Training...
Validating...
Validation loss: 2.4294
Individual losses: type=0.0002, beat: 0.0194, position: 0.0608, pitch: 0.1933, duration: 0.2083, instrument: 0.0701timesignaturenumerator: 0.0010timesignaturedenominator: 0.0004tempo: 0.0540
Saved the model to: /hpctmp/e0787977/mmt/exp/lmd_full/checkpoints/model_191000.pt
Training...
Validating...
Validation loss: 2.4279
Individual losses: type=0.0002, beat: 0.0194, position: 0.0607, pitch: 0.1931, duration: 0.2081, instrument: 0.0701timesignaturenumerator: 0.0010timesignaturedenominator: 0.0004tempo: 0.0539
Saved the model to: /hpctmp/e0787977/mmt/exp/lmd_full/checkpoints/model_192000.pt
Training...
Validating...
Validation loss: 2.4279
Individual losses: type=0.0002, beat: 0.0194, position: 0.0609, pitch: 0.1929, duration: 0.2082, instrument: 0.0700timesignaturenumerator: 0.0010timesignaturedenominator: 0.0004tempo: 0.0539
Saved the model to: /hpctmp/e0787977/mmt/exp/lmd_full/checkpoints/model_193000.pt
Training...
Validating...
Validation loss: 2.4270
Individual losses: type=0.0002, beat: 0.0194, position: 0.0607, pitch: 0.1930, duration: 0.2081, instrument: 0.0699timesignaturenumerator: 0.0010timesignaturedenominator: 0.0004tempo: 0.0539
Saved the model to: /hpctmp/e0787977/mmt/exp/lmd_full/checkpoints/model_194000.pt
Training...
Validating...
Validation loss: 2.4247
Individual losses: type=0.0002, beat: 0.0193, position: 0.0606, pitch: 0.1928, duration: 0.2082, instrument: 0.0699timesignaturenumerator: 0.0010timesignaturedenominator: 0.0004tempo: 0.0538
Saved the model to: /hpctmp/e0787977/mmt/exp/lmd_full/checkpoints/model_195000.pt
Training...
Validating...
Validation loss: 2.4255
Individual losses: type=0.0002, beat: 0.0193, position: 0.0606, pitch: 0.1929, duration: 0.2081, instrument: 0.0700timesignaturenumerator: 0.0010timesignaturedenominator: 0.0004tempo: 0.0539
Saved the model to: /hpctmp/e0787977/mmt/exp/lmd_full/checkpoints/model_196000.pt
Training...
Validating...
Validation loss: 2.4263
Individual losses: type=0.0002, beat: 0.0194, position: 0.0608, pitch: 0.1929, duration: 0.2082, instrument: 0.0698timesignaturenumerator: 0.0010timesignaturedenominator: 0.0004tempo: 0.0539
Saved the model to: /hpctmp/e0787977/mmt/exp/lmd_full/checkpoints/model_197000.pt
Training...
Validating...
Validation loss: 2.4339
Individual losses: type=0.0002, beat: 0.0194, position: 0.0609, pitch: 0.1936, duration: 0.2086, instrument: 0.0702timesignaturenumerator: 0.0010timesignaturedenominator: 0.0004tempo: 0.0541
Saved the model to: /hpctmp/e0787977/mmt/exp/lmd_full/checkpoints/model_198000.pt
Training...
Validating...
Validation loss: 2.4250
Individual losses: type=0.0002, beat: 0.0193, position: 0.0607, pitch: 0.1928, duration: 0.2080, instrument: 0.0699timesignaturenumerator: 0.0010timesignaturedenominator: 0.0004tempo: 0.0539
Saved the model to: /hpctmp/e0787977/mmt/exp/lmd_full/checkpoints/model_199000.pt
Training...
Validating...
Validation loss: 2.4246
Individual losses: type=0.0002, beat: 0.0193, position: 0.0606, pitch: 0.1927, duration: 0.2081, instrument: 0.0700timesignaturenumerator: 0.0010timesignaturedenominator: 0.0004tempo: 0.0539
Saved the model to: /hpctmp/e0787977/mmt/exp/lmd_full/checkpoints/model_200000.pt
Minimum validation loss achieved: 2.424558658962664
Saved the optimizer state to: /hpctmp/e0787977/mmt/exp/lmd_full/checkpoints/optimizer_200000.pt
Saved the scheduler state to: /hpctmp/e0787977/mmt/exp/lmd_full/checkpoints/scheduler_200000.pt
